[2018-07-12 17:43:59,948] INFO [blog.views.get_queryset_from_cache:65 views] set view cache.key:index_1
[2018-07-12 17:44:00,097] INFO [blog.context_processors.seo_processor:31 context_processors] set processor cache.
[2018-07-12 17:44:00,138] INFO [DjangoBlog.utils.get_blog_setting:200 utils] set cache get_blog_setting
[2018-07-12 17:44:00,374] INFO [DjangoBlog.utils.get_blog_setting:200 utils] set cache get_blog_setting
[2018-07-12 17:44:00,387] INFO [DjangoBlog.utils.get_blog_setting:200 utils] set cache get_blog_setting
[2018-07-12 17:44:01,195] INFO [DjangoBlog.utils.get_blog_setting:200 utils] set cache get_blog_setting
[2018-07-12 17:44:01,203] INFO [DjangoBlog.utils.get_blog_setting:200 utils] set cache get_blog_setting
[2018-07-12 17:44:01,235] INFO [DjangoBlog.utils.get_blog_setting:200 utils] set cache get_blog_setting
[2018-07-12 17:44:01,243] INFO [DjangoBlog.utils.get_blog_setting:200 utils] set cache get_blog_setting
[2018-07-12 17:44:01,276] INFO [DjangoBlog.utils.get_blog_setting:200 utils] set cache get_blog_setting
[2018-07-12 17:44:01,284] INFO [DjangoBlog.utils.get_blog_setting:200 utils] set cache get_blog_setting
[2018-07-12 17:44:01,321] INFO [DjangoBlog.utils.get_blog_setting:200 utils] set cache get_blog_setting
[2018-07-12 17:44:01,328] INFO [DjangoBlog.utils.get_blog_setting:200 utils] set cache get_blog_setting
[2018-07-12 17:44:01,364] INFO [DjangoBlog.utils.get_blog_setting:200 utils] set cache get_blog_setting
[2018-07-12 17:44:01,372] INFO [DjangoBlog.utils.get_blog_setting:200 utils] set cache get_blog_setting
[2018-07-12 17:44:01,406] INFO [DjangoBlog.utils.get_blog_setting:200 utils] set cache get_blog_setting
[2018-07-12 17:44:01,417] INFO [DjangoBlog.utils.get_blog_setting:200 utils] set cache get_blog_setting
[2018-07-12 17:44:01,452] INFO [DjangoBlog.utils.get_blog_setting:200 utils] set cache get_blog_setting
[2018-07-12 17:44:01,460] INFO [DjangoBlog.utils.get_blog_setting:200 utils] set cache get_blog_setting
[2018-07-12 17:44:01,494] INFO [DjangoBlog.utils.get_blog_setting:200 utils] set cache get_blog_setting
[2018-07-12 17:44:01,502] INFO [DjangoBlog.utils.get_blog_setting:200 utils] set cache get_blog_setting
[2018-07-12 17:44:01,536] INFO [DjangoBlog.utils.get_blog_setting:200 utils] set cache get_blog_setting
[2018-07-12 17:44:01,544] INFO [DjangoBlog.utils.get_blog_setting:200 utils] set cache get_blog_setting
[2018-07-12 17:44:01,577] INFO [blog.templatetags.blog_tags.load_sidebar:134 blog_tags] load sidebar
[2018-07-12 17:44:01,584] INFO [DjangoBlog.utils.get_blog_setting:200 utils] set cache get_blog_setting
[2018-07-12 17:44:01,595] INFO [DjangoBlog.utils.news:62 utils] cache_decorator set cache:get_article_count key:c12ea60dddc8cbb7c0c06a52c1f0468c
[2018-07-12 17:44:01,601] INFO [DjangoBlog.utils.news:62 utils] cache_decorator set cache:get_article_count key:291c30a46f4b0836caa656931338d839
[2018-07-12 17:44:01,606] INFO [DjangoBlog.utils.news:62 utils] cache_decorator set cache:get_article_count key:f8e78be723d8d27bcd83e040eb416f4f
[2018-07-12 17:44:01,611] INFO [DjangoBlog.utils.news:62 utils] cache_decorator set cache:get_article_count key:a34a0ed138b9ff399343a889a9b344e1
[2018-07-12 17:44:01,615] INFO [DjangoBlog.utils.news:62 utils] cache_decorator set cache:get_article_count key:9b03732a68d2dd9341675e6a20d4041e
[2018-07-12 17:44:01,620] INFO [DjangoBlog.utils.news:62 utils] cache_decorator set cache:get_article_count key:694c0eb0b30b7e707aa4e99253658795
[2018-07-12 17:44:01,625] INFO [DjangoBlog.utils.news:62 utils] cache_decorator set cache:get_article_count key:fcf9da36e1a4cf8ad6302f167029b733
[2018-07-12 17:44:01,630] INFO [DjangoBlog.utils.news:62 utils] cache_decorator set cache:get_article_count key:1c69ab201cd57d3d56b45c1dabe75036
[2018-07-12 17:44:01,635] INFO [DjangoBlog.utils.news:62 utils] cache_decorator set cache:get_article_count key:54bfc8b1922e6f82df1bc5a6dea8b9da
[2018-07-12 17:44:01,640] INFO [DjangoBlog.utils.news:62 utils] cache_decorator set cache:get_article_count key:15f3db3a218524d4068d8726a012c559
[2018-07-12 17:44:01,644] INFO [DjangoBlog.utils.news:62 utils] cache_decorator set cache:get_article_count key:a644ef5c6423b0dea6ba49f52db6bd80
[2018-07-12 17:44:01,649] INFO [DjangoBlog.utils.news:62 utils] cache_decorator set cache:get_article_count key:3d8d54b72b10d6ed623642883e5541df
[2018-07-12 17:44:01,654] INFO [DjangoBlog.utils.news:62 utils] cache_decorator set cache:get_article_count key:456cc418d75c4c07c028dc3b613a8ad7
[2018-07-12 17:44:01,659] INFO [DjangoBlog.utils.news:62 utils] cache_decorator set cache:get_article_count key:d870204b6d5f057dbdff52fbfa294c3d
[2018-07-12 17:44:01,664] INFO [DjangoBlog.utils.news:62 utils] cache_decorator set cache:get_article_count key:29ad75096aa3a8f270772a9aa86f3cb0
[2018-07-12 17:44:01,671] INFO [DjangoBlog.utils.news:62 utils] cache_decorator set cache:get_article_count key:04d2c1872567af18cca2e5bdace62b32
[2018-07-12 17:44:01,676] INFO [DjangoBlog.utils.news:62 utils] cache_decorator set cache:get_article_count key:61852e05f86b529e9f3447e15349366a
[2018-07-12 17:44:01,681] INFO [DjangoBlog.utils.news:62 utils] cache_decorator set cache:get_article_count key:d20d074037a8a8b042656aa1717520fb
[2018-07-12 17:44:01,686] INFO [DjangoBlog.utils.news:62 utils] cache_decorator set cache:get_article_count key:eb1c89d12569800f3f006f81066dc37e
[2018-07-12 17:44:01,691] INFO [DjangoBlog.utils.news:62 utils] cache_decorator set cache:get_article_count key:020e465530d166441febcff47111a33d
[2018-07-12 17:44:03,161] INFO [blog.views.get_queryset_from_cache:65 views] set view cache.key:index_1
[2018-07-12 17:44:03,170] INFO [blog.context_processors.seo_processor:31 context_processors] set processor cache.
[2018-07-12 17:44:03,177] INFO [DjangoBlog.utils.get_blog_setting:200 utils] set cache get_blog_setting
[2018-07-12 17:44:03,221] INFO [DjangoBlog.utils.get_blog_setting:200 utils] set cache get_blog_setting
[2018-07-12 17:44:03,229] INFO [DjangoBlog.utils.get_blog_setting:200 utils] set cache get_blog_setting
[2018-07-12 17:44:03,274] INFO [DjangoBlog.utils.get_blog_setting:200 utils] set cache get_blog_setting
[2018-07-12 17:44:03,283] INFO [DjangoBlog.utils.get_blog_setting:200 utils] set cache get_blog_setting
[2018-07-12 17:44:03,318] INFO [DjangoBlog.utils.get_blog_setting:200 utils] set cache get_blog_setting
[2018-07-12 17:44:03,327] INFO [DjangoBlog.utils.get_blog_setting:200 utils] set cache get_blog_setting
[2018-07-12 17:44:03,361] INFO [DjangoBlog.utils.get_blog_setting:200 utils] set cache get_blog_setting
[2018-07-12 17:44:03,369] INFO [DjangoBlog.utils.get_blog_setting:200 utils] set cache get_blog_setting
[2018-07-12 17:44:03,401] INFO [DjangoBlog.utils.get_blog_setting:200 utils] set cache get_blog_setting
[2018-07-12 17:44:03,408] INFO [DjangoBlog.utils.get_blog_setting:200 utils] set cache get_blog_setting
[2018-07-12 17:44:03,439] INFO [DjangoBlog.utils.get_blog_setting:200 utils] set cache get_blog_setting
[2018-07-12 17:44:03,452] INFO [DjangoBlog.utils.get_blog_setting:200 utils] set cache get_blog_setting
[2018-07-12 17:44:03,523] INFO [DjangoBlog.utils.get_blog_setting:200 utils] set cache get_blog_setting
[2018-07-12 17:44:03,531] INFO [DjangoBlog.utils.get_blog_setting:200 utils] set cache get_blog_setting
[2018-07-12 17:44:03,563] INFO [DjangoBlog.utils.get_blog_setting:200 utils] set cache get_blog_setting
[2018-07-12 17:44:03,570] INFO [DjangoBlog.utils.get_blog_setting:200 utils] set cache get_blog_setting
[2018-07-12 17:44:03,600] INFO [DjangoBlog.utils.get_blog_setting:200 utils] set cache get_blog_setting
[2018-07-12 17:44:03,609] INFO [DjangoBlog.utils.get_blog_setting:200 utils] set cache get_blog_setting
[2018-07-12 17:44:03,638] INFO [DjangoBlog.utils.get_blog_setting:200 utils] set cache get_blog_setting
[2018-07-12 17:44:03,647] INFO [DjangoBlog.utils.get_blog_setting:200 utils] set cache get_blog_setting
[2018-07-12 17:44:03,676] INFO [blog.templatetags.blog_tags.load_sidebar:134 blog_tags] load sidebar
[2018-07-12 17:44:03,683] INFO [DjangoBlog.utils.get_blog_setting:200 utils] set cache get_blog_setting
[2018-07-12 17:44:03,690] INFO [DjangoBlog.utils.news:62 utils] cache_decorator set cache:get_article_count key:c12ea60dddc8cbb7c0c06a52c1f0468c
[2018-07-12 17:44:03,697] INFO [DjangoBlog.utils.news:62 utils] cache_decorator set cache:get_article_count key:291c30a46f4b0836caa656931338d839
[2018-07-12 17:44:03,701] INFO [DjangoBlog.utils.news:62 utils] cache_decorator set cache:get_article_count key:f8e78be723d8d27bcd83e040eb416f4f
[2018-07-12 17:44:03,706] INFO [DjangoBlog.utils.news:62 utils] cache_decorator set cache:get_article_count key:a34a0ed138b9ff399343a889a9b344e1
[2018-07-12 17:44:03,710] INFO [DjangoBlog.utils.news:62 utils] cache_decorator set cache:get_article_count key:9b03732a68d2dd9341675e6a20d4041e
[2018-07-12 17:44:03,715] INFO [DjangoBlog.utils.news:62 utils] cache_decorator set cache:get_article_count key:694c0eb0b30b7e707aa4e99253658795
[2018-07-12 17:44:03,719] INFO [DjangoBlog.utils.news:62 utils] cache_decorator set cache:get_article_count key:fcf9da36e1a4cf8ad6302f167029b733
[2018-07-12 17:44:03,723] INFO [DjangoBlog.utils.news:62 utils] cache_decorator set cache:get_article_count key:1c69ab201cd57d3d56b45c1dabe75036
[2018-07-12 17:44:03,728] INFO [DjangoBlog.utils.news:62 utils] cache_decorator set cache:get_article_count key:54bfc8b1922e6f82df1bc5a6dea8b9da
[2018-07-12 17:44:03,732] INFO [DjangoBlog.utils.news:62 utils] cache_decorator set cache:get_article_count key:15f3db3a218524d4068d8726a012c559
[2018-07-12 17:44:03,736] INFO [DjangoBlog.utils.news:62 utils] cache_decorator set cache:get_article_count key:a644ef5c6423b0dea6ba49f52db6bd80
[2018-07-12 17:44:03,740] INFO [DjangoBlog.utils.news:62 utils] cache_decorator set cache:get_article_count key:3d8d54b72b10d6ed623642883e5541df
[2018-07-12 17:44:03,744] INFO [DjangoBlog.utils.news:62 utils] cache_decorator set cache:get_article_count key:456cc418d75c4c07c028dc3b613a8ad7
[2018-07-12 17:44:03,749] INFO [DjangoBlog.utils.news:62 utils] cache_decorator set cache:get_article_count key:d870204b6d5f057dbdff52fbfa294c3d
[2018-07-12 17:44:03,753] INFO [DjangoBlog.utils.news:62 utils] cache_decorator set cache:get_article_count key:29ad75096aa3a8f270772a9aa86f3cb0
[2018-07-12 17:44:03,757] INFO [DjangoBlog.utils.news:62 utils] cache_decorator set cache:get_article_count key:04d2c1872567af18cca2e5bdace62b32
[2018-07-12 17:44:03,761] INFO [DjangoBlog.utils.news:62 utils] cache_decorator set cache:get_article_count key:61852e05f86b529e9f3447e15349366a
[2018-07-12 17:44:03,765] INFO [DjangoBlog.utils.news:62 utils] cache_decorator set cache:get_article_count key:d20d074037a8a8b042656aa1717520fb
[2018-07-12 17:44:03,770] INFO [DjangoBlog.utils.news:62 utils] cache_decorator set cache:get_article_count key:eb1c89d12569800f3f006f81066dc37e
[2018-07-12 17:44:03,776] INFO [DjangoBlog.utils.news:62 utils] cache_decorator set cache:get_article_count key:020e465530d166441febcff47111a33d
[2018-07-12 17:44:09,910] INFO [blog.views.get_queryset_from_cache:65 views] set view cache.key:index_2
[2018-07-12 17:44:09,920] INFO [blog.context_processors.seo_processor:31 context_processors] set processor cache.
[2018-07-12 17:44:09,927] INFO [DjangoBlog.utils.get_blog_setting:200 utils] set cache get_blog_setting
[2018-07-12 17:44:09,966] INFO [DjangoBlog.utils.get_blog_setting:200 utils] set cache get_blog_setting
[2018-07-12 17:44:09,974] INFO [DjangoBlog.utils.get_blog_setting:200 utils] set cache get_blog_setting
[2018-07-12 17:44:10,005] INFO [DjangoBlog.utils.get_blog_setting:200 utils] set cache get_blog_setting
[2018-07-12 17:44:10,012] INFO [DjangoBlog.utils.get_blog_setting:200 utils] set cache get_blog_setting
[2018-07-12 17:44:10,042] INFO [DjangoBlog.utils.get_blog_setting:200 utils] set cache get_blog_setting
[2018-07-12 17:44:10,049] INFO [DjangoBlog.utils.get_blog_setting:200 utils] set cache get_blog_setting
[2018-07-12 17:44:10,078] INFO [DjangoBlog.utils.get_blog_setting:200 utils] set cache get_blog_setting
[2018-07-12 17:44:10,085] INFO [DjangoBlog.utils.get_blog_setting:200 utils] set cache get_blog_setting
[2018-07-12 17:44:10,113] INFO [DjangoBlog.utils.get_blog_setting:200 utils] set cache get_blog_setting
[2018-07-12 17:44:10,120] INFO [DjangoBlog.utils.get_blog_setting:200 utils] set cache get_blog_setting
[2018-07-12 17:44:10,149] INFO [DjangoBlog.utils.get_blog_setting:200 utils] set cache get_blog_setting
[2018-07-12 17:44:10,156] INFO [DjangoBlog.utils.get_blog_setting:200 utils] set cache get_blog_setting
[2018-07-12 17:44:10,184] INFO [DjangoBlog.utils.get_blog_setting:200 utils] set cache get_blog_setting
[2018-07-12 17:44:10,192] INFO [DjangoBlog.utils.get_blog_setting:200 utils] set cache get_blog_setting
[2018-07-12 17:44:10,221] INFO [DjangoBlog.utils.get_blog_setting:200 utils] set cache get_blog_setting
[2018-07-12 17:44:10,228] INFO [DjangoBlog.utils.get_blog_setting:200 utils] set cache get_blog_setting
[2018-07-12 17:44:10,257] INFO [DjangoBlog.utils.get_blog_setting:200 utils] set cache get_blog_setting
[2018-07-12 17:44:10,264] INFO [DjangoBlog.utils.get_blog_setting:200 utils] set cache get_blog_setting
[2018-07-12 17:44:10,288] INFO [blog.templatetags.blog_tags.load_sidebar:134 blog_tags] load sidebar
[2018-07-12 17:44:10,294] INFO [DjangoBlog.utils.get_blog_setting:200 utils] set cache get_blog_setting
[2018-07-12 17:44:10,300] INFO [DjangoBlog.utils.news:62 utils] cache_decorator set cache:get_article_count key:c12ea60dddc8cbb7c0c06a52c1f0468c
[2018-07-12 17:44:10,305] INFO [DjangoBlog.utils.news:62 utils] cache_decorator set cache:get_article_count key:291c30a46f4b0836caa656931338d839
[2018-07-12 17:44:10,309] INFO [DjangoBlog.utils.news:62 utils] cache_decorator set cache:get_article_count key:f8e78be723d8d27bcd83e040eb416f4f
[2018-07-12 17:44:10,312] INFO [DjangoBlog.utils.news:62 utils] cache_decorator set cache:get_article_count key:a34a0ed138b9ff399343a889a9b344e1
[2018-07-12 17:44:10,316] INFO [DjangoBlog.utils.news:62 utils] cache_decorator set cache:get_article_count key:9b03732a68d2dd9341675e6a20d4041e
[2018-07-12 17:44:10,319] INFO [DjangoBlog.utils.news:62 utils] cache_decorator set cache:get_article_count key:694c0eb0b30b7e707aa4e99253658795
[2018-07-12 17:44:10,323] INFO [DjangoBlog.utils.news:62 utils] cache_decorator set cache:get_article_count key:fcf9da36e1a4cf8ad6302f167029b733
[2018-07-12 17:44:10,327] INFO [DjangoBlog.utils.news:62 utils] cache_decorator set cache:get_article_count key:1c69ab201cd57d3d56b45c1dabe75036
[2018-07-12 17:44:10,331] INFO [DjangoBlog.utils.news:62 utils] cache_decorator set cache:get_article_count key:54bfc8b1922e6f82df1bc5a6dea8b9da
[2018-07-12 17:44:10,334] INFO [DjangoBlog.utils.news:62 utils] cache_decorator set cache:get_article_count key:15f3db3a218524d4068d8726a012c559
[2018-07-12 17:44:10,338] INFO [DjangoBlog.utils.news:62 utils] cache_decorator set cache:get_article_count key:a644ef5c6423b0dea6ba49f52db6bd80
[2018-07-12 17:44:10,342] INFO [DjangoBlog.utils.news:62 utils] cache_decorator set cache:get_article_count key:3d8d54b72b10d6ed623642883e5541df
[2018-07-12 17:44:10,346] INFO [DjangoBlog.utils.news:62 utils] cache_decorator set cache:get_article_count key:456cc418d75c4c07c028dc3b613a8ad7
[2018-07-12 17:44:10,351] INFO [DjangoBlog.utils.news:62 utils] cache_decorator set cache:get_article_count key:d870204b6d5f057dbdff52fbfa294c3d
[2018-07-12 17:44:10,355] INFO [DjangoBlog.utils.news:62 utils] cache_decorator set cache:get_article_count key:29ad75096aa3a8f270772a9aa86f3cb0
[2018-07-12 17:44:10,359] INFO [DjangoBlog.utils.news:62 utils] cache_decorator set cache:get_article_count key:04d2c1872567af18cca2e5bdace62b32
[2018-07-12 17:44:10,363] INFO [DjangoBlog.utils.news:62 utils] cache_decorator set cache:get_article_count key:61852e05f86b529e9f3447e15349366a
[2018-07-12 17:44:10,368] INFO [DjangoBlog.utils.news:62 utils] cache_decorator set cache:get_article_count key:d20d074037a8a8b042656aa1717520fb
[2018-07-12 17:44:10,372] INFO [DjangoBlog.utils.news:62 utils] cache_decorator set cache:get_article_count key:eb1c89d12569800f3f006f81066dc37e
[2018-07-12 17:44:10,376] INFO [DjangoBlog.utils.news:62 utils] cache_decorator set cache:get_article_count key:020e465530d166441febcff47111a33d
[2018-07-12 17:44:16,844] INFO [blog.context_processors.seo_processor:31 context_processors] set processor cache.
[2018-07-12 17:44:16,856] INFO [DjangoBlog.utils.get_blog_setting:200 utils] set cache get_blog_setting
[2018-07-12 17:44:19,736] INFO [blog.views.get_queryset_from_cache:65 views] set view cache.key:index_1
[2018-07-12 17:44:19,745] INFO [blog.context_processors.seo_processor:31 context_processors] set processor cache.
[2018-07-12 17:44:19,752] INFO [DjangoBlog.utils.get_blog_setting:200 utils] set cache get_blog_setting
[2018-07-12 17:44:19,787] INFO [DjangoBlog.utils.get_blog_setting:200 utils] set cache get_blog_setting
[2018-07-12 17:44:19,794] INFO [DjangoBlog.utils.get_blog_setting:200 utils] set cache get_blog_setting
[2018-07-12 17:44:19,869] INFO [DjangoBlog.utils.get_blog_setting:200 utils] set cache get_blog_setting
[2018-07-12 17:44:19,876] INFO [DjangoBlog.utils.get_blog_setting:200 utils] set cache get_blog_setting
[2018-07-12 17:44:19,908] INFO [DjangoBlog.utils.get_blog_setting:200 utils] set cache get_blog_setting
[2018-07-12 17:44:19,915] INFO [DjangoBlog.utils.get_blog_setting:200 utils] set cache get_blog_setting
[2018-07-12 17:44:19,946] INFO [DjangoBlog.utils.get_blog_setting:200 utils] set cache get_blog_setting
[2018-07-12 17:44:19,953] INFO [DjangoBlog.utils.get_blog_setting:200 utils] set cache get_blog_setting
[2018-07-12 17:44:19,982] INFO [DjangoBlog.utils.get_blog_setting:200 utils] set cache get_blog_setting
[2018-07-12 17:44:19,989] INFO [DjangoBlog.utils.get_blog_setting:200 utils] set cache get_blog_setting
[2018-07-12 17:44:20,017] INFO [DjangoBlog.utils.get_blog_setting:200 utils] set cache get_blog_setting
[2018-07-12 17:44:20,023] INFO [DjangoBlog.utils.get_blog_setting:200 utils] set cache get_blog_setting
[2018-07-12 17:44:20,051] INFO [DjangoBlog.utils.get_blog_setting:200 utils] set cache get_blog_setting
[2018-07-12 17:44:20,059] INFO [DjangoBlog.utils.get_blog_setting:200 utils] set cache get_blog_setting
[2018-07-12 17:44:20,087] INFO [DjangoBlog.utils.get_blog_setting:200 utils] set cache get_blog_setting
[2018-07-12 17:44:20,095] INFO [DjangoBlog.utils.get_blog_setting:200 utils] set cache get_blog_setting
[2018-07-12 17:44:20,124] INFO [DjangoBlog.utils.get_blog_setting:200 utils] set cache get_blog_setting
[2018-07-12 17:44:20,131] INFO [DjangoBlog.utils.get_blog_setting:200 utils] set cache get_blog_setting
[2018-07-12 17:44:20,159] INFO [DjangoBlog.utils.get_blog_setting:200 utils] set cache get_blog_setting
[2018-07-12 17:44:20,165] INFO [DjangoBlog.utils.get_blog_setting:200 utils] set cache get_blog_setting
[2018-07-12 17:44:20,190] INFO [blog.templatetags.blog_tags.load_sidebar:134 blog_tags] load sidebar
[2018-07-12 17:44:20,195] INFO [DjangoBlog.utils.get_blog_setting:200 utils] set cache get_blog_setting
[2018-07-12 17:44:20,202] INFO [DjangoBlog.utils.news:62 utils] cache_decorator set cache:get_article_count key:c12ea60dddc8cbb7c0c06a52c1f0468c
[2018-07-12 17:44:20,207] INFO [DjangoBlog.utils.news:62 utils] cache_decorator set cache:get_article_count key:291c30a46f4b0836caa656931338d839
[2018-07-12 17:44:20,211] INFO [DjangoBlog.utils.news:62 utils] cache_decorator set cache:get_article_count key:f8e78be723d8d27bcd83e040eb416f4f
[2018-07-12 17:44:20,215] INFO [DjangoBlog.utils.news:62 utils] cache_decorator set cache:get_article_count key:a34a0ed138b9ff399343a889a9b344e1
[2018-07-12 17:44:20,219] INFO [DjangoBlog.utils.news:62 utils] cache_decorator set cache:get_article_count key:9b03732a68d2dd9341675e6a20d4041e
[2018-07-12 17:44:20,223] INFO [DjangoBlog.utils.news:62 utils] cache_decorator set cache:get_article_count key:694c0eb0b30b7e707aa4e99253658795
[2018-07-12 17:44:20,228] INFO [DjangoBlog.utils.news:62 utils] cache_decorator set cache:get_article_count key:fcf9da36e1a4cf8ad6302f167029b733
[2018-07-12 17:44:20,232] INFO [DjangoBlog.utils.news:62 utils] cache_decorator set cache:get_article_count key:1c69ab201cd57d3d56b45c1dabe75036
[2018-07-12 17:44:20,238] INFO [DjangoBlog.utils.news:62 utils] cache_decorator set cache:get_article_count key:54bfc8b1922e6f82df1bc5a6dea8b9da
[2018-07-12 17:44:20,243] INFO [DjangoBlog.utils.news:62 utils] cache_decorator set cache:get_article_count key:15f3db3a218524d4068d8726a012c559
[2018-07-12 17:44:20,247] INFO [DjangoBlog.utils.news:62 utils] cache_decorator set cache:get_article_count key:a644ef5c6423b0dea6ba49f52db6bd80
[2018-07-12 17:44:20,251] INFO [DjangoBlog.utils.news:62 utils] cache_decorator set cache:get_article_count key:3d8d54b72b10d6ed623642883e5541df
[2018-07-12 17:44:20,255] INFO [DjangoBlog.utils.news:62 utils] cache_decorator set cache:get_article_count key:456cc418d75c4c07c028dc3b613a8ad7
[2018-07-12 17:44:20,260] INFO [DjangoBlog.utils.news:62 utils] cache_decorator set cache:get_article_count key:d870204b6d5f057dbdff52fbfa294c3d
[2018-07-12 17:44:20,265] INFO [DjangoBlog.utils.news:62 utils] cache_decorator set cache:get_article_count key:29ad75096aa3a8f270772a9aa86f3cb0
[2018-07-12 17:44:20,269] INFO [DjangoBlog.utils.news:62 utils] cache_decorator set cache:get_article_count key:04d2c1872567af18cca2e5bdace62b32
[2018-07-12 17:44:20,273] INFO [DjangoBlog.utils.news:62 utils] cache_decorator set cache:get_article_count key:61852e05f86b529e9f3447e15349366a
[2018-07-12 17:44:20,277] INFO [DjangoBlog.utils.news:62 utils] cache_decorator set cache:get_article_count key:d20d074037a8a8b042656aa1717520fb
[2018-07-12 17:44:20,281] INFO [DjangoBlog.utils.news:62 utils] cache_decorator set cache:get_article_count key:eb1c89d12569800f3f006f81066dc37e
[2018-07-12 17:44:20,286] INFO [DjangoBlog.utils.news:62 utils] cache_decorator set cache:get_article_count key:020e465530d166441febcff47111a33d
[2018-07-12 17:44:48,413] INFO [blog.context_processors.seo_processor:31 context_processors] set processor cache.
[2018-07-12 17:44:48,420] INFO [DjangoBlog.utils.get_blog_setting:200 utils] set cache get_blog_setting
[2018-07-12 17:44:50,379] ERROR [blog.views.page_not_found_view:279 views] {'tried': [[<URLResolver <URLPattern list> (admin:admin) '^admin/'>], [<URLResolver <module 'blog.urls' from '/home/michiko/DjangoBlog/blog/urls.py'> (blog:blog) ''>, <URLPattern '' [name='index']>], [<URLResolver <module 'blog.urls' from '/home/michiko/DjangoBlog/blog/urls.py'> (blog:blog) ''>, <URLPattern 'page/<int:page>/' [name='index_page']>], [<URLResolver <module 'blog.urls' from '/home/michiko/DjangoBlog/blog/urls.py'> (blog:blog) ''>, <URLPattern 'article/<int:year>/<int:month>/<int:day>/<int:article_id>.html' [name='detailbyid']>], [<URLResolver <module 'blog.urls' from '/home/michiko/DjangoBlog/blog/urls.py'> (blog:blog) ''>, <URLPattern 'category/<slug:category_name>.html' [name='category_detail']>], [<URLResolver <module 'blog.urls' from '/home/michiko/DjangoBlog/blog/urls.py'> (blog:blog) ''>, <URLPattern 'category/<slug:category_name>/<int:page>.html' [name='category_detail_page']>], [<URLResolver <module 'blog.urls' from '/home/michiko/DjangoBlog/blog/urls.py'> (blog:blog) ''>, <URLPattern 'author/<author_name>.html' [name='author_detail']>], [<URLResolver <module 'blog.urls' from '/home/michiko/DjangoBlog/blog/urls.py'> (blog:blog) ''>, <URLPattern 'author/<author_name>/<int:page>.html' [name='author_detail_page']>], [<URLResolver <module 'blog.urls' from '/home/michiko/DjangoBlog/blog/urls.py'> (blog:blog) ''>, <URLPattern 'tag/<slug:tag_name>.html' [name='tag_detail']>], [<URLResolver <module 'blog.urls' from '/home/michiko/DjangoBlog/blog/urls.py'> (blog:blog) ''>, <URLPattern 'tag/<slug:tag_name>/<int:page>).html' [name='tag_detail_page']>], [<URLResolver <module 'blog.urls' from '/home/michiko/DjangoBlog/blog/urls.py'> (blog:blog) ''>, <URLPattern 'archives.html' [name='archives']>], [<URLResolver <module 'blog.urls' from '/home/michiko/DjangoBlog/blog/urls.py'> (blog:blog) ''>, <URLPattern 'upload' [name='upload']>], [<URLResolver <module 'blog.urls' from '/home/michiko/DjangoBlog/blog/urls.py'> (blog:blog) ''>, <URLPattern 'refresh' [name='refresh']>], [<URLResolver <module 'comments.urls' from '/home/michiko/DjangoBlog/comments/urls.py'> (comments:comment) ''>, <URLPattern 'article/<int:article_id>/postcomment' [name='postcomment']>], [<URLResolver <module 'accounts.urls' from '/home/michiko/DjangoBlog/accounts/urls.py'> (accounts:account) ''>, <URLPattern '^login/$' [name='login']>], [<URLResolver <module 'accounts.urls' from '/home/michiko/DjangoBlog/accounts/urls.py'> (accounts:account) ''>, <URLPattern '^register/$' [name='register']>], [<URLResolver <module 'accounts.urls' from '/home/michiko/DjangoBlog/accounts/urls.py'> (accounts:account) ''>, <URLPattern '^logout/$' [name='logout']>], [<URLResolver <module 'oauth.urls' from '/home/michiko/DjangoBlog/oauth/urls.py'> (oauth:oauth) ''>, <URLPattern 'oauth/authorize'>], [<URLResolver <module 'oauth.urls' from '/home/michiko/DjangoBlog/oauth/urls.py'> (oauth:oauth) ''>, <URLPattern 'oauth/requireemail/<int:oauthid>.html' [name='require_email']>], [<URLResolver <module 'oauth.urls' from '/home/michiko/DjangoBlog/oauth/urls.py'> (oauth:oauth) ''>, <URLPattern 'oauth/emailconfirm/<int:id>/<sign>.html' [name='email_confirm']>], [<URLResolver <module 'oauth.urls' from '/home/michiko/DjangoBlog/oauth/urls.py'> (oauth:oauth) ''>, <URLPattern 'oauth/bindsuccess/<int:oauthid>.html' [name='bindsuccess']>], [<URLResolver <module 'oauth.urls' from '/home/michiko/DjangoBlog/oauth/urls.py'> (oauth:oauth) ''>, <URLPattern 'oauth/oauthlogin' [name='oauthlogin']>], [<URLPattern '^sitemap\.xml$' [name='django.contrib.sitemaps.views.sitemap']>], [<URLPattern '^feed/$'>], [<URLResolver <module 'haystack.urls' from '/home/michiko/DjangoBlog/myvenv/lib/python3.6/site-packages/haystack/urls.py'> (None:None) '^search'>], [<URLResolver <module 'servermanager.urls' from '/home/michiko/DjangoBlog/servermanager/urls.py'> (servermanager:servermanager) ''>, <URLPattern 'robot'>], [<URLResolver <module 'owntracks.urls' from '/home/michiko/DjangoBlog/owntracks/urls.py'> (owntracks:owntracks) ''>, <URLPattern 'owntracks/logtracks' [name='logtracks']>], [<URLResolver <module 'owntracks.urls' from '/home/michiko/DjangoBlog/owntracks/urls.py'> (owntracks:owntracks) ''>, <URLPattern 'owntracks/show_maps' [name='show_maps']>], [<URLResolver <module 'owntracks.urls' from '/home/michiko/DjangoBlog/owntracks/urls.py'> (owntracks:owntracks) ''>, <URLPattern 'owntracks/get_datas' [name='get_datas']>], [<URLResolver <module 'owntracks.urls' from '/home/michiko/DjangoBlog/owntracks/urls.py'> (owntracks:owntracks) ''>, <URLPattern 'owntracks/show_dates' [name='show_dates']>]], 'path': 'favicon.ico'}
[2018-07-12 17:44:50,388] INFO [blog.context_processors.seo_processor:31 context_processors] set processor cache.
[2018-07-12 17:44:50,401] INFO [DjangoBlog.utils.get_blog_setting:200 utils] set cache get_blog_setting
[2018-07-12 17:44:50,436] INFO [blog.templatetags.blog_tags.load_sidebar:134 blog_tags] load sidebar
[2018-07-12 17:44:50,442] INFO [DjangoBlog.utils.get_blog_setting:200 utils] set cache get_blog_setting
[2018-07-12 17:44:50,449] INFO [DjangoBlog.utils.news:62 utils] cache_decorator set cache:get_article_count key:c12ea60dddc8cbb7c0c06a52c1f0468c
[2018-07-12 17:44:50,454] INFO [DjangoBlog.utils.news:62 utils] cache_decorator set cache:get_article_count key:291c30a46f4b0836caa656931338d839
[2018-07-12 17:44:50,459] INFO [DjangoBlog.utils.news:62 utils] cache_decorator set cache:get_article_count key:f8e78be723d8d27bcd83e040eb416f4f
[2018-07-12 17:44:50,463] INFO [DjangoBlog.utils.news:62 utils] cache_decorator set cache:get_article_count key:a34a0ed138b9ff399343a889a9b344e1
[2018-07-12 17:44:50,467] INFO [DjangoBlog.utils.news:62 utils] cache_decorator set cache:get_article_count key:9b03732a68d2dd9341675e6a20d4041e
[2018-07-12 17:44:50,471] INFO [DjangoBlog.utils.news:62 utils] cache_decorator set cache:get_article_count key:694c0eb0b30b7e707aa4e99253658795
[2018-07-12 17:44:50,475] INFO [DjangoBlog.utils.news:62 utils] cache_decorator set cache:get_article_count key:fcf9da36e1a4cf8ad6302f167029b733
[2018-07-12 17:44:50,479] INFO [DjangoBlog.utils.news:62 utils] cache_decorator set cache:get_article_count key:1c69ab201cd57d3d56b45c1dabe75036
[2018-07-12 17:44:50,483] INFO [DjangoBlog.utils.news:62 utils] cache_decorator set cache:get_article_count key:54bfc8b1922e6f82df1bc5a6dea8b9da
[2018-07-12 17:44:50,487] INFO [DjangoBlog.utils.news:62 utils] cache_decorator set cache:get_article_count key:15f3db3a218524d4068d8726a012c559
[2018-07-12 17:44:50,491] INFO [DjangoBlog.utils.news:62 utils] cache_decorator set cache:get_article_count key:a644ef5c6423b0dea6ba49f52db6bd80
[2018-07-12 17:44:50,495] INFO [DjangoBlog.utils.news:62 utils] cache_decorator set cache:get_article_count key:3d8d54b72b10d6ed623642883e5541df
[2018-07-12 17:44:50,500] INFO [DjangoBlog.utils.news:62 utils] cache_decorator set cache:get_article_count key:456cc418d75c4c07c028dc3b613a8ad7
[2018-07-12 17:44:50,504] INFO [DjangoBlog.utils.news:62 utils] cache_decorator set cache:get_article_count key:d870204b6d5f057dbdff52fbfa294c3d
[2018-07-12 17:44:50,509] INFO [DjangoBlog.utils.news:62 utils] cache_decorator set cache:get_article_count key:29ad75096aa3a8f270772a9aa86f3cb0
[2018-07-12 17:44:50,515] INFO [DjangoBlog.utils.news:62 utils] cache_decorator set cache:get_article_count key:04d2c1872567af18cca2e5bdace62b32
[2018-07-12 17:44:50,520] INFO [DjangoBlog.utils.news:62 utils] cache_decorator set cache:get_article_count key:61852e05f86b529e9f3447e15349366a
[2018-07-12 17:44:50,523] INFO [DjangoBlog.utils.news:62 utils] cache_decorator set cache:get_article_count key:d20d074037a8a8b042656aa1717520fb
[2018-07-12 17:44:50,528] INFO [DjangoBlog.utils.news:62 utils] cache_decorator set cache:get_article_count key:eb1c89d12569800f3f006f81066dc37e
[2018-07-12 17:44:50,535] INFO [DjangoBlog.utils.news:62 utils] cache_decorator set cache:get_article_count key:020e465530d166441febcff47111a33d
[2018-07-12 17:45:44,345] INFO [blog.context_processors.seo_processor:31 context_processors] set processor cache.
[2018-07-12 17:45:44,352] INFO [DjangoBlog.utils.get_blog_setting:200 utils] set cache get_blog_setting
[2018-07-12 17:45:53,789] INFO [blog.context_processors.seo_processor:31 context_processors] set processor cache.
[2018-07-12 17:45:53,795] INFO [DjangoBlog.utils.get_blog_setting:200 utils] set cache get_blog_setting
[2018-07-12 17:45:59,106] INFO [blog.context_processors.seo_processor:31 context_processors] set processor cache.
[2018-07-12 17:45:59,113] INFO [DjangoBlog.utils.get_blog_setting:200 utils] set cache get_blog_setting
[2018-07-12 17:47:22,958] INFO [blog.views.get_queryset_from_cache:65 views] set view cache.key:index_1
[2018-07-12 17:47:23,002] INFO [blog.context_processors.seo_processor:31 context_processors] set processor cache.
[2018-07-12 17:47:23,026] INFO [DjangoBlog.utils.get_blog_setting:200 utils] set cache get_blog_setting
[2018-07-12 17:47:23,073] INFO [DjangoBlog.utils.get_blog_setting:200 utils] set cache get_blog_setting
[2018-07-12 17:47:23,083] INFO [DjangoBlog.utils.get_blog_setting:200 utils] set cache get_blog_setting
[2018-07-12 17:47:23,125] INFO [DjangoBlog.utils.get_blog_setting:200 utils] set cache get_blog_setting
[2018-07-12 17:47:23,134] INFO [DjangoBlog.utils.get_blog_setting:200 utils] set cache get_blog_setting
[2018-07-12 17:47:23,167] INFO [DjangoBlog.utils.get_blog_setting:200 utils] set cache get_blog_setting
[2018-07-12 17:47:23,176] INFO [DjangoBlog.utils.get_blog_setting:200 utils] set cache get_blog_setting
[2018-07-12 17:47:23,207] INFO [DjangoBlog.utils.get_blog_setting:200 utils] set cache get_blog_setting
[2018-07-12 17:47:23,216] INFO [DjangoBlog.utils.get_blog_setting:200 utils] set cache get_blog_setting
[2018-07-12 17:47:23,246] INFO [DjangoBlog.utils.get_blog_setting:200 utils] set cache get_blog_setting
[2018-07-12 17:47:23,253] INFO [DjangoBlog.utils.get_blog_setting:200 utils] set cache get_blog_setting
[2018-07-12 17:47:23,283] INFO [DjangoBlog.utils.get_blog_setting:200 utils] set cache get_blog_setting
[2018-07-12 17:47:23,291] INFO [DjangoBlog.utils.get_blog_setting:200 utils] set cache get_blog_setting
[2018-07-12 17:47:23,329] INFO [DjangoBlog.utils.get_blog_setting:200 utils] set cache get_blog_setting
[2018-07-12 17:47:23,338] INFO [DjangoBlog.utils.get_blog_setting:200 utils] set cache get_blog_setting
[2018-07-12 17:47:23,372] INFO [DjangoBlog.utils.get_blog_setting:200 utils] set cache get_blog_setting
[2018-07-12 17:47:23,379] INFO [DjangoBlog.utils.get_blog_setting:200 utils] set cache get_blog_setting
[2018-07-12 17:47:23,410] INFO [DjangoBlog.utils.get_blog_setting:200 utils] set cache get_blog_setting
[2018-07-12 17:47:23,417] INFO [DjangoBlog.utils.get_blog_setting:200 utils] set cache get_blog_setting
[2018-07-12 17:47:23,449] INFO [DjangoBlog.utils.get_blog_setting:200 utils] set cache get_blog_setting
[2018-07-12 17:47:23,457] INFO [DjangoBlog.utils.get_blog_setting:200 utils] set cache get_blog_setting
[2018-07-12 17:47:23,489] INFO [blog.templatetags.blog_tags.load_sidebar:134 blog_tags] load sidebar
[2018-07-12 17:47:23,496] INFO [DjangoBlog.utils.get_blog_setting:200 utils] set cache get_blog_setting
[2018-07-12 17:47:23,503] INFO [DjangoBlog.utils.news:62 utils] cache_decorator set cache:get_article_count key:c12ea60dddc8cbb7c0c06a52c1f0468c
[2018-07-12 17:47:23,512] INFO [DjangoBlog.utils.news:62 utils] cache_decorator set cache:get_article_count key:291c30a46f4b0836caa656931338d839
[2018-07-12 17:47:23,519] INFO [DjangoBlog.utils.news:62 utils] cache_decorator set cache:get_article_count key:f8e78be723d8d27bcd83e040eb416f4f
[2018-07-12 17:47:23,524] INFO [DjangoBlog.utils.news:62 utils] cache_decorator set cache:get_article_count key:a34a0ed138b9ff399343a889a9b344e1
[2018-07-12 17:47:23,528] INFO [DjangoBlog.utils.news:62 utils] cache_decorator set cache:get_article_count key:9b03732a68d2dd9341675e6a20d4041e
[2018-07-12 17:47:23,533] INFO [DjangoBlog.utils.news:62 utils] cache_decorator set cache:get_article_count key:694c0eb0b30b7e707aa4e99253658795
[2018-07-12 17:47:23,538] INFO [DjangoBlog.utils.news:62 utils] cache_decorator set cache:get_article_count key:fcf9da36e1a4cf8ad6302f167029b733
[2018-07-12 17:47:23,543] INFO [DjangoBlog.utils.news:62 utils] cache_decorator set cache:get_article_count key:1c69ab201cd57d3d56b45c1dabe75036
[2018-07-12 17:47:23,548] INFO [DjangoBlog.utils.news:62 utils] cache_decorator set cache:get_article_count key:54bfc8b1922e6f82df1bc5a6dea8b9da
[2018-07-12 17:47:23,553] INFO [DjangoBlog.utils.news:62 utils] cache_decorator set cache:get_article_count key:15f3db3a218524d4068d8726a012c559
[2018-07-12 17:47:23,557] INFO [DjangoBlog.utils.news:62 utils] cache_decorator set cache:get_article_count key:a644ef5c6423b0dea6ba49f52db6bd80
[2018-07-12 17:47:23,562] INFO [DjangoBlog.utils.news:62 utils] cache_decorator set cache:get_article_count key:3d8d54b72b10d6ed623642883e5541df
[2018-07-12 17:47:23,567] INFO [DjangoBlog.utils.news:62 utils] cache_decorator set cache:get_article_count key:456cc418d75c4c07c028dc3b613a8ad7
[2018-07-12 17:47:23,572] INFO [DjangoBlog.utils.news:62 utils] cache_decorator set cache:get_article_count key:d870204b6d5f057dbdff52fbfa294c3d
[2018-07-12 17:47:23,577] INFO [DjangoBlog.utils.news:62 utils] cache_decorator set cache:get_article_count key:29ad75096aa3a8f270772a9aa86f3cb0
[2018-07-12 17:47:23,582] INFO [DjangoBlog.utils.news:62 utils] cache_decorator set cache:get_article_count key:04d2c1872567af18cca2e5bdace62b32
[2018-07-12 17:47:23,587] INFO [DjangoBlog.utils.news:62 utils] cache_decorator set cache:get_article_count key:61852e05f86b529e9f3447e15349366a
[2018-07-12 17:47:23,594] INFO [DjangoBlog.utils.news:62 utils] cache_decorator set cache:get_article_count key:d20d074037a8a8b042656aa1717520fb
[2018-07-12 17:47:23,599] INFO [DjangoBlog.utils.news:62 utils] cache_decorator set cache:get_article_count key:eb1c89d12569800f3f006f81066dc37e
[2018-07-12 17:47:23,603] INFO [DjangoBlog.utils.news:62 utils] cache_decorator set cache:get_article_count key:020e465530d166441febcff47111a33d
[2018-07-12 17:51:10,793] ERROR [root.write:132 user_wsgi_wrapper] Building prefix dict from the default dictionary ...
[2018-07-12 17:51:10,817] ERROR [root.write:132 user_wsgi_wrapper] Loading model from cache /tmp/jieba.cache
[2018-07-12 17:51:12,191] ERROR [root.write:132 user_wsgi_wrapper] Loading model cost 1.388 seconds.
[2018-07-12 17:51:12,192] ERROR [root.write:132 user_wsgi_wrapper] Prefix dict has been built succesfully.
[2018-07-12 17:51:12,265] INFO [blog.models.comment_list:110 models] set article comments:1
[2018-07-12 17:51:12,292] INFO [blog.context_processors.seo_processor:31 context_processors] set processor cache.
[2018-07-12 17:51:12,302] INFO [DjangoBlog.utils.get_blog_setting:200 utils] set cache get_blog_setting
[2018-07-12 17:51:12,304] ERROR [blog.templatetags.blog_tags.datetimeformat:55 blog_tags] 'NoneType' object has no attribute 'strftime'
[2018-07-12 17:51:12,305] ERROR [blog.templatetags.blog_tags.datetimeformat:55 blog_tags] 'NoneType' object has no attribute 'strftime'
[2018-07-12 17:51:12,378] INFO [DjangoBlog.utils.get_blog_setting:200 utils] set cache get_blog_setting
[2018-07-12 17:51:12,380] INFO [DjangoBlog.utils.news:62 utils] cache_decorator set cache:get_category_tree key:9e43e368d3779ec124ae0397b01e81b6
[2018-07-12 17:51:12,381] INFO [DjangoBlog.utils.news:62 utils] cache_decorator set cache:get_category_tree key:83a26807d1e014d60ace312130faaf10
[2018-07-12 17:51:12,394] INFO [DjangoBlog.utils.get_blog_setting:200 utils] set cache get_blog_setting
[2018-07-12 17:51:12,436] INFO [blog.templatetags.blog_tags.load_sidebar:134 blog_tags] load sidebar
[2018-07-12 17:51:12,443] INFO [DjangoBlog.utils.get_blog_setting:200 utils] set cache get_blog_setting
[2018-07-12 17:51:12,451] INFO [DjangoBlog.utils.news:62 utils] cache_decorator set cache:get_article_count key:c12ea60dddc8cbb7c0c06a52c1f0468c
[2018-07-12 17:51:12,457] INFO [DjangoBlog.utils.news:62 utils] cache_decorator set cache:get_article_count key:291c30a46f4b0836caa656931338d839
[2018-07-12 17:51:12,462] INFO [DjangoBlog.utils.news:62 utils] cache_decorator set cache:get_article_count key:f8e78be723d8d27bcd83e040eb416f4f
[2018-07-12 17:51:12,466] INFO [DjangoBlog.utils.news:62 utils] cache_decorator set cache:get_article_count key:a34a0ed138b9ff399343a889a9b344e1
[2018-07-12 17:51:12,471] INFO [DjangoBlog.utils.news:62 utils] cache_decorator set cache:get_article_count key:9b03732a68d2dd9341675e6a20d4041e
[2018-07-12 17:51:12,475] INFO [DjangoBlog.utils.news:62 utils] cache_decorator set cache:get_article_count key:694c0eb0b30b7e707aa4e99253658795
[2018-07-12 17:51:12,479] INFO [DjangoBlog.utils.news:62 utils] cache_decorator set cache:get_article_count key:fcf9da36e1a4cf8ad6302f167029b733
[2018-07-12 17:51:12,484] INFO [DjangoBlog.utils.news:62 utils] cache_decorator set cache:get_article_count key:1c69ab201cd57d3d56b45c1dabe75036
[2018-07-12 17:51:12,490] INFO [DjangoBlog.utils.news:62 utils] cache_decorator set cache:get_article_count key:54bfc8b1922e6f82df1bc5a6dea8b9da
[2018-07-12 17:51:12,495] INFO [DjangoBlog.utils.news:62 utils] cache_decorator set cache:get_article_count key:15f3db3a218524d4068d8726a012c559
[2018-07-12 17:51:12,499] INFO [DjangoBlog.utils.news:62 utils] cache_decorator set cache:get_article_count key:a644ef5c6423b0dea6ba49f52db6bd80
[2018-07-12 17:51:12,503] INFO [DjangoBlog.utils.news:62 utils] cache_decorator set cache:get_article_count key:3d8d54b72b10d6ed623642883e5541df
[2018-07-12 17:51:12,508] INFO [DjangoBlog.utils.news:62 utils] cache_decorator set cache:get_article_count key:456cc418d75c4c07c028dc3b613a8ad7
[2018-07-12 17:51:12,513] INFO [DjangoBlog.utils.news:62 utils] cache_decorator set cache:get_article_count key:d870204b6d5f057dbdff52fbfa294c3d
[2018-07-12 17:51:12,517] INFO [DjangoBlog.utils.news:62 utils] cache_decorator set cache:get_article_count key:29ad75096aa3a8f270772a9aa86f3cb0
[2018-07-12 17:51:12,521] INFO [DjangoBlog.utils.news:62 utils] cache_decorator set cache:get_article_count key:04d2c1872567af18cca2e5bdace62b32
[2018-07-12 17:51:12,527] INFO [DjangoBlog.utils.news:62 utils] cache_decorator set cache:get_article_count key:61852e05f86b529e9f3447e15349366a
[2018-07-12 17:51:12,531] INFO [DjangoBlog.utils.news:62 utils] cache_decorator set cache:get_article_count key:d20d074037a8a8b042656aa1717520fb
[2018-07-12 17:51:12,535] INFO [DjangoBlog.utils.news:62 utils] cache_decorator set cache:get_article_count key:eb1c89d12569800f3f006f81066dc37e
[2018-07-12 17:51:12,540] INFO [DjangoBlog.utils.news:62 utils] cache_decorator set cache:get_article_count key:020e465530d166441febcff47111a33d
[2018-07-12 17:52:22,100] INFO [DjangoBlog.utils.news:62 utils] cache_decorator set cache:get_sub_categorys key:d64000f7d3c95768b3233fdba271a13e
[2018-07-12 17:52:22,109] INFO [blog.views.get_queryset_from_cache:65 views] set view cache.key:category_list_我是父类目_1
[2018-07-12 17:52:22,115] INFO [blog.context_processors.seo_processor:31 context_processors] set processor cache.
[2018-07-12 17:52:22,123] INFO [DjangoBlog.utils.get_blog_setting:200 utils] set cache get_blog_setting
[2018-07-12 17:52:22,170] INFO [DjangoBlog.utils.get_blog_setting:200 utils] set cache get_blog_setting
[2018-07-12 17:52:22,178] INFO [DjangoBlog.utils.get_blog_setting:200 utils] set cache get_blog_setting
[2018-07-12 17:52:22,221] INFO [DjangoBlog.utils.get_blog_setting:200 utils] set cache get_blog_setting
[2018-07-12 17:52:22,228] INFO [DjangoBlog.utils.get_blog_setting:200 utils] set cache get_blog_setting
[2018-07-12 17:52:22,257] INFO [DjangoBlog.utils.get_blog_setting:200 utils] set cache get_blog_setting
[2018-07-12 17:52:22,265] INFO [DjangoBlog.utils.get_blog_setting:200 utils] set cache get_blog_setting
[2018-07-12 17:52:22,296] INFO [DjangoBlog.utils.get_blog_setting:200 utils] set cache get_blog_setting
[2018-07-12 17:52:22,303] INFO [DjangoBlog.utils.get_blog_setting:200 utils] set cache get_blog_setting
[2018-07-12 17:52:22,333] INFO [DjangoBlog.utils.get_blog_setting:200 utils] set cache get_blog_setting
[2018-07-12 17:52:22,340] INFO [DjangoBlog.utils.get_blog_setting:200 utils] set cache get_blog_setting
[2018-07-12 17:52:22,370] INFO [DjangoBlog.utils.get_blog_setting:200 utils] set cache get_blog_setting
[2018-07-12 17:52:22,377] INFO [DjangoBlog.utils.get_blog_setting:200 utils] set cache get_blog_setting
[2018-07-12 17:52:22,407] INFO [DjangoBlog.utils.get_blog_setting:200 utils] set cache get_blog_setting
[2018-07-12 17:52:22,415] INFO [DjangoBlog.utils.get_blog_setting:200 utils] set cache get_blog_setting
[2018-07-12 17:52:22,445] INFO [DjangoBlog.utils.get_blog_setting:200 utils] set cache get_blog_setting
[2018-07-12 17:52:22,452] INFO [DjangoBlog.utils.get_blog_setting:200 utils] set cache get_blog_setting
[2018-07-12 17:52:22,482] INFO [DjangoBlog.utils.get_blog_setting:200 utils] set cache get_blog_setting
[2018-07-12 17:52:22,489] INFO [DjangoBlog.utils.get_blog_setting:200 utils] set cache get_blog_setting
[2018-07-12 17:52:22,520] INFO [DjangoBlog.utils.get_blog_setting:200 utils] set cache get_blog_setting
[2018-07-12 17:52:22,528] INFO [DjangoBlog.utils.get_blog_setting:200 utils] set cache get_blog_setting
[2018-07-12 17:52:22,557] INFO [blog.templatetags.blog_tags.load_sidebar:134 blog_tags] load sidebar
[2018-07-12 17:52:22,563] INFO [DjangoBlog.utils.get_blog_setting:200 utils] set cache get_blog_setting
[2018-07-12 17:52:22,570] INFO [DjangoBlog.utils.news:62 utils] cache_decorator set cache:get_article_count key:c12ea60dddc8cbb7c0c06a52c1f0468c
[2018-07-12 17:52:22,575] INFO [DjangoBlog.utils.news:62 utils] cache_decorator set cache:get_article_count key:291c30a46f4b0836caa656931338d839
[2018-07-12 17:52:22,579] INFO [DjangoBlog.utils.news:62 utils] cache_decorator set cache:get_article_count key:f8e78be723d8d27bcd83e040eb416f4f
[2018-07-12 17:52:22,584] INFO [DjangoBlog.utils.news:62 utils] cache_decorator set cache:get_article_count key:a34a0ed138b9ff399343a889a9b344e1
[2018-07-12 17:52:22,588] INFO [DjangoBlog.utils.news:62 utils] cache_decorator set cache:get_article_count key:9b03732a68d2dd9341675e6a20d4041e
[2018-07-12 17:52:22,592] INFO [DjangoBlog.utils.news:62 utils] cache_decorator set cache:get_article_count key:694c0eb0b30b7e707aa4e99253658795
[2018-07-12 17:52:22,596] INFO [DjangoBlog.utils.news:62 utils] cache_decorator set cache:get_article_count key:fcf9da36e1a4cf8ad6302f167029b733
[2018-07-12 17:52:22,600] INFO [DjangoBlog.utils.news:62 utils] cache_decorator set cache:get_article_count key:1c69ab201cd57d3d56b45c1dabe75036
[2018-07-12 17:52:22,604] INFO [DjangoBlog.utils.news:62 utils] cache_decorator set cache:get_article_count key:54bfc8b1922e6f82df1bc5a6dea8b9da
[2018-07-12 17:52:22,608] INFO [DjangoBlog.utils.news:62 utils] cache_decorator set cache:get_article_count key:15f3db3a218524d4068d8726a012c559
[2018-07-12 17:52:22,613] INFO [DjangoBlog.utils.news:62 utils] cache_decorator set cache:get_article_count key:a644ef5c6423b0dea6ba49f52db6bd80
[2018-07-12 17:52:22,617] INFO [DjangoBlog.utils.news:62 utils] cache_decorator set cache:get_article_count key:3d8d54b72b10d6ed623642883e5541df
[2018-07-12 17:52:22,622] INFO [DjangoBlog.utils.news:62 utils] cache_decorator set cache:get_article_count key:456cc418d75c4c07c028dc3b613a8ad7
[2018-07-12 17:52:22,626] INFO [DjangoBlog.utils.news:62 utils] cache_decorator set cache:get_article_count key:d870204b6d5f057dbdff52fbfa294c3d
[2018-07-12 17:52:22,630] INFO [DjangoBlog.utils.news:62 utils] cache_decorator set cache:get_article_count key:29ad75096aa3a8f270772a9aa86f3cb0
[2018-07-12 17:52:22,634] INFO [DjangoBlog.utils.news:62 utils] cache_decorator set cache:get_article_count key:04d2c1872567af18cca2e5bdace62b32
[2018-07-12 17:52:22,639] INFO [DjangoBlog.utils.news:62 utils] cache_decorator set cache:get_article_count key:61852e05f86b529e9f3447e15349366a
[2018-07-12 17:52:22,643] INFO [DjangoBlog.utils.news:62 utils] cache_decorator set cache:get_article_count key:d20d074037a8a8b042656aa1717520fb
[2018-07-12 17:52:22,647] INFO [DjangoBlog.utils.news:62 utils] cache_decorator set cache:get_article_count key:eb1c89d12569800f3f006f81066dc37e
[2018-07-12 17:52:22,652] INFO [DjangoBlog.utils.news:62 utils] cache_decorator set cache:get_article_count key:020e465530d166441febcff47111a33d
[2018-07-12 17:52:25,479] INFO [blog.views.get_queryset_from_cache:65 views] set view cache.key:archives
[2018-07-12 17:52:25,484] INFO [blog.context_processors.seo_processor:31 context_processors] set processor cache.
[2018-07-12 17:52:25,495] INFO [DjangoBlog.utils.get_blog_setting:200 utils] set cache get_blog_setting
[2018-07-12 17:52:25,540] INFO [blog.templatetags.blog_tags.load_sidebar:134 blog_tags] load sidebar
[2018-07-12 17:52:25,547] INFO [DjangoBlog.utils.get_blog_setting:200 utils] set cache get_blog_setting
[2018-07-12 17:52:25,555] INFO [DjangoBlog.utils.news:62 utils] cache_decorator set cache:get_article_count key:c12ea60dddc8cbb7c0c06a52c1f0468c
[2018-07-12 17:52:25,560] INFO [DjangoBlog.utils.news:62 utils] cache_decorator set cache:get_article_count key:291c30a46f4b0836caa656931338d839
[2018-07-12 17:52:25,564] INFO [DjangoBlog.utils.news:62 utils] cache_decorator set cache:get_article_count key:f8e78be723d8d27bcd83e040eb416f4f
[2018-07-12 17:52:25,569] INFO [DjangoBlog.utils.news:62 utils] cache_decorator set cache:get_article_count key:a34a0ed138b9ff399343a889a9b344e1
[2018-07-12 17:52:25,573] INFO [DjangoBlog.utils.news:62 utils] cache_decorator set cache:get_article_count key:9b03732a68d2dd9341675e6a20d4041e
[2018-07-12 17:52:25,577] INFO [DjangoBlog.utils.news:62 utils] cache_decorator set cache:get_article_count key:694c0eb0b30b7e707aa4e99253658795
[2018-07-12 17:52:25,581] INFO [DjangoBlog.utils.news:62 utils] cache_decorator set cache:get_article_count key:fcf9da36e1a4cf8ad6302f167029b733
[2018-07-12 17:52:25,586] INFO [DjangoBlog.utils.news:62 utils] cache_decorator set cache:get_article_count key:1c69ab201cd57d3d56b45c1dabe75036
[2018-07-12 17:52:25,590] INFO [DjangoBlog.utils.news:62 utils] cache_decorator set cache:get_article_count key:54bfc8b1922e6f82df1bc5a6dea8b9da
[2018-07-12 17:52:25,595] INFO [DjangoBlog.utils.news:62 utils] cache_decorator set cache:get_article_count key:15f3db3a218524d4068d8726a012c559
[2018-07-12 17:52:25,600] INFO [DjangoBlog.utils.news:62 utils] cache_decorator set cache:get_article_count key:a644ef5c6423b0dea6ba49f52db6bd80
[2018-07-12 17:52:25,604] INFO [DjangoBlog.utils.news:62 utils] cache_decorator set cache:get_article_count key:3d8d54b72b10d6ed623642883e5541df
[2018-07-12 17:52:25,609] INFO [DjangoBlog.utils.news:62 utils] cache_decorator set cache:get_article_count key:456cc418d75c4c07c028dc3b613a8ad7
[2018-07-12 17:52:25,612] INFO [DjangoBlog.utils.news:62 utils] cache_decorator set cache:get_article_count key:d870204b6d5f057dbdff52fbfa294c3d
[2018-07-12 17:52:25,617] INFO [DjangoBlog.utils.news:62 utils] cache_decorator set cache:get_article_count key:29ad75096aa3a8f270772a9aa86f3cb0
[2018-07-12 17:52:25,621] INFO [DjangoBlog.utils.news:62 utils] cache_decorator set cache:get_article_count key:04d2c1872567af18cca2e5bdace62b32
[2018-07-12 17:52:25,625] INFO [DjangoBlog.utils.news:62 utils] cache_decorator set cache:get_article_count key:61852e05f86b529e9f3447e15349366a
[2018-07-12 17:52:25,629] INFO [DjangoBlog.utils.news:62 utils] cache_decorator set cache:get_article_count key:d20d074037a8a8b042656aa1717520fb
[2018-07-12 17:52:25,634] INFO [DjangoBlog.utils.news:62 utils] cache_decorator set cache:get_article_count key:eb1c89d12569800f3f006f81066dc37e
[2018-07-12 17:52:25,639] INFO [DjangoBlog.utils.news:62 utils] cache_decorator set cache:get_article_count key:020e465530d166441febcff47111a33d
[2018-07-12 17:52:38,348] INFO [blog.context_processors.seo_processor:31 context_processors] set processor cache.
[2018-07-12 17:52:38,355] INFO [DjangoBlog.utils.get_blog_setting:200 utils] set cache get_blog_setting
[2018-07-12 17:52:42,519] INFO [blog.context_processors.seo_processor:31 context_processors] set processor cache.
[2018-07-12 17:52:42,528] INFO [DjangoBlog.utils.get_blog_setting:200 utils] set cache get_blog_setting
[2018-07-12 17:53:06,935] INFO [blog.views.get_queryset_from_cache:65 views] set view cache.key:index_1
[2018-07-12 17:53:06,946] INFO [blog.context_processors.seo_processor:31 context_processors] set processor cache.
[2018-07-12 17:53:06,953] INFO [DjangoBlog.utils.get_blog_setting:200 utils] set cache get_blog_setting
[2018-07-12 17:53:06,990] INFO [DjangoBlog.utils.get_blog_setting:200 utils] set cache get_blog_setting
[2018-07-12 17:53:06,997] INFO [DjangoBlog.utils.get_blog_setting:200 utils] set cache get_blog_setting
[2018-07-12 17:53:07,051] INFO [DjangoBlog.utils.get_blog_setting:200 utils] set cache get_blog_setting
[2018-07-12 17:53:07,065] INFO [DjangoBlog.utils.get_blog_setting:200 utils] set cache get_blog_setting
[2018-07-12 17:53:07,128] INFO [DjangoBlog.utils.get_blog_setting:200 utils] set cache get_blog_setting
[2018-07-12 17:53:07,143] INFO [DjangoBlog.utils.get_blog_setting:200 utils] set cache get_blog_setting
[2018-07-12 17:53:07,188] INFO [DjangoBlog.utils.get_blog_setting:200 utils] set cache get_blog_setting
[2018-07-12 17:53:07,198] INFO [DjangoBlog.utils.get_blog_setting:200 utils] set cache get_blog_setting
[2018-07-12 17:53:07,245] INFO [DjangoBlog.utils.get_blog_setting:200 utils] set cache get_blog_setting
[2018-07-12 17:53:07,259] INFO [DjangoBlog.utils.get_blog_setting:200 utils] set cache get_blog_setting
[2018-07-12 17:53:07,315] INFO [DjangoBlog.utils.get_blog_setting:200 utils] set cache get_blog_setting
[2018-07-12 17:53:07,323] INFO [DjangoBlog.utils.get_blog_setting:200 utils] set cache get_blog_setting
[2018-07-12 17:53:07,374] INFO [DjangoBlog.utils.get_blog_setting:200 utils] set cache get_blog_setting
[2018-07-12 17:53:07,390] INFO [DjangoBlog.utils.get_blog_setting:200 utils] set cache get_blog_setting
[2018-07-12 17:53:07,430] INFO [DjangoBlog.utils.get_blog_setting:200 utils] set cache get_blog_setting
[2018-07-12 17:53:07,441] INFO [DjangoBlog.utils.get_blog_setting:200 utils] set cache get_blog_setting
[2018-07-12 17:53:07,483] INFO [DjangoBlog.utils.get_blog_setting:200 utils] set cache get_blog_setting
[2018-07-12 17:53:07,492] INFO [DjangoBlog.utils.get_blog_setting:200 utils] set cache get_blog_setting
[2018-07-12 17:53:07,527] INFO [DjangoBlog.utils.get_blog_setting:200 utils] set cache get_blog_setting
[2018-07-12 17:53:07,537] INFO [DjangoBlog.utils.get_blog_setting:200 utils] set cache get_blog_setting
[2018-07-12 17:53:07,568] INFO [blog.templatetags.blog_tags.load_sidebar:134 blog_tags] load sidebar
[2018-07-12 17:53:07,574] INFO [DjangoBlog.utils.get_blog_setting:200 utils] set cache get_blog_setting
[2018-07-12 17:53:07,581] INFO [DjangoBlog.utils.news:62 utils] cache_decorator set cache:get_article_count key:c12ea60dddc8cbb7c0c06a52c1f0468c
[2018-07-12 17:53:07,586] INFO [DjangoBlog.utils.news:62 utils] cache_decorator set cache:get_article_count key:291c30a46f4b0836caa656931338d839
[2018-07-12 17:53:07,591] INFO [DjangoBlog.utils.news:62 utils] cache_decorator set cache:get_article_count key:f8e78be723d8d27bcd83e040eb416f4f
[2018-07-12 17:53:07,595] INFO [DjangoBlog.utils.news:62 utils] cache_decorator set cache:get_article_count key:a34a0ed138b9ff399343a889a9b344e1
[2018-07-12 17:53:07,599] INFO [DjangoBlog.utils.news:62 utils] cache_decorator set cache:get_article_count key:9b03732a68d2dd9341675e6a20d4041e
[2018-07-12 17:53:07,603] INFO [DjangoBlog.utils.news:62 utils] cache_decorator set cache:get_article_count key:694c0eb0b30b7e707aa4e99253658795
[2018-07-12 17:53:07,607] INFO [DjangoBlog.utils.news:62 utils] cache_decorator set cache:get_article_count key:fcf9da36e1a4cf8ad6302f167029b733
[2018-07-12 17:53:07,612] INFO [DjangoBlog.utils.news:62 utils] cache_decorator set cache:get_article_count key:1c69ab201cd57d3d56b45c1dabe75036
[2018-07-12 17:53:07,616] INFO [DjangoBlog.utils.news:62 utils] cache_decorator set cache:get_article_count key:54bfc8b1922e6f82df1bc5a6dea8b9da
[2018-07-12 17:53:07,621] INFO [DjangoBlog.utils.news:62 utils] cache_decorator set cache:get_article_count key:15f3db3a218524d4068d8726a012c559
[2018-07-12 17:53:07,624] INFO [DjangoBlog.utils.news:62 utils] cache_decorator set cache:get_article_count key:a644ef5c6423b0dea6ba49f52db6bd80
[2018-07-12 17:53:07,628] INFO [DjangoBlog.utils.news:62 utils] cache_decorator set cache:get_article_count key:3d8d54b72b10d6ed623642883e5541df
[2018-07-12 17:53:07,633] INFO [DjangoBlog.utils.news:62 utils] cache_decorator set cache:get_article_count key:456cc418d75c4c07c028dc3b613a8ad7
[2018-07-12 17:53:07,637] INFO [DjangoBlog.utils.news:62 utils] cache_decorator set cache:get_article_count key:d870204b6d5f057dbdff52fbfa294c3d
[2018-07-12 17:53:07,640] INFO [DjangoBlog.utils.news:62 utils] cache_decorator set cache:get_article_count key:29ad75096aa3a8f270772a9aa86f3cb0
[2018-07-12 17:53:07,645] INFO [DjangoBlog.utils.news:62 utils] cache_decorator set cache:get_article_count key:04d2c1872567af18cca2e5bdace62b32
[2018-07-12 17:53:07,649] INFO [DjangoBlog.utils.news:62 utils] cache_decorator set cache:get_article_count key:61852e05f86b529e9f3447e15349366a
[2018-07-12 17:53:07,653] INFO [DjangoBlog.utils.news:62 utils] cache_decorator set cache:get_article_count key:d20d074037a8a8b042656aa1717520fb
[2018-07-12 17:53:07,657] INFO [DjangoBlog.utils.news:62 utils] cache_decorator set cache:get_article_count key:eb1c89d12569800f3f006f81066dc37e
[2018-07-12 17:53:07,661] INFO [DjangoBlog.utils.news:62 utils] cache_decorator set cache:get_article_count key:020e465530d166441febcff47111a33d
[2018-07-12 17:53:13,562] INFO [blog.context_processors.seo_processor:31 context_processors] set processor cache.
[2018-07-12 17:53:13,569] INFO [DjangoBlog.utils.get_blog_setting:200 utils] set cache get_blog_setting
[2018-07-12 17:53:22,600] INFO [blog.context_processors.seo_processor:31 context_processors] set processor cache.
[2018-07-12 17:53:22,608] INFO [DjangoBlog.utils.get_blog_setting:200 utils] set cache get_blog_setting
[2018-07-12 17:53:31,753] INFO [blog.context_processors.seo_processor:31 context_processors] set processor cache.
[2018-07-12 17:53:31,761] INFO [DjangoBlog.utils.get_blog_setting:200 utils] set cache get_blog_setting
[2018-07-12 17:53:33,595] INFO [blog.context_processors.seo_processor:31 context_processors] set processor cache.
[2018-07-12 17:53:33,605] INFO [DjangoBlog.utils.get_blog_setting:200 utils] set cache get_blog_setting
[2018-07-12 17:53:36,080] INFO [blog.context_processors.seo_processor:31 context_processors] set processor cache.
[2018-07-12 17:53:36,087] INFO [DjangoBlog.utils.get_blog_setting:200 utils] set cache get_blog_setting
[2018-07-12 17:53:38,238] INFO [blog.context_processors.seo_processor:31 context_processors] set processor cache.
[2018-07-12 17:53:38,245] INFO [DjangoBlog.utils.get_blog_setting:200 utils] set cache get_blog_setting
[2018-07-12 17:53:41,955] INFO [blog.context_processors.seo_processor:31 context_processors] set processor cache.
[2018-07-12 17:53:41,962] INFO [DjangoBlog.utils.get_blog_setting:200 utils] set cache get_blog_setting
[2018-07-12 17:53:45,233] INFO [blog.context_processors.seo_processor:31 context_processors] set processor cache.
[2018-07-12 17:53:45,240] INFO [DjangoBlog.utils.get_blog_setting:200 utils] set cache get_blog_setting
[2018-07-12 17:53:52,395] INFO [blog.context_processors.seo_processor:31 context_processors] set processor cache.
[2018-07-12 17:53:52,404] INFO [DjangoBlog.utils.get_blog_setting:200 utils] set cache get_blog_setting
[2018-07-12 17:53:57,088] INFO [blog.context_processors.seo_processor:31 context_processors] set processor cache.
[2018-07-12 17:53:57,101] INFO [DjangoBlog.utils.get_blog_setting:200 utils] set cache get_blog_setting
[2018-07-12 17:53:59,818] INFO [blog.context_processors.seo_processor:31 context_processors] set processor cache.
[2018-07-12 17:53:59,826] INFO [DjangoBlog.utils.get_blog_setting:200 utils] set cache get_blog_setting
[2018-07-12 17:55:28,723] INFO [blog.context_processors.seo_processor:31 context_processors] set processor cache.
[2018-07-12 17:55:28,729] INFO [DjangoBlog.utils.get_blog_setting:200 utils] set cache get_blog_setting
[2018-07-12 17:55:56,083] INFO [blog.context_processors.seo_processor:31 context_processors] set processor cache.
[2018-07-12 17:55:56,091] INFO [DjangoBlog.utils.get_blog_setting:200 utils] set cache get_blog_setting
[2018-07-12 17:56:01,448] INFO [blog.views.get_queryset_from_cache:65 views] set view cache.key:index_1
[2018-07-12 17:56:01,459] INFO [blog.context_processors.seo_processor:31 context_processors] set processor cache.
[2018-07-12 17:56:01,466] INFO [DjangoBlog.utils.get_blog_setting:200 utils] set cache get_blog_setting
[2018-07-12 17:56:01,510] INFO [DjangoBlog.utils.get_blog_setting:200 utils] set cache get_blog_setting
[2018-07-12 17:56:01,518] INFO [DjangoBlog.utils.get_blog_setting:200 utils] set cache get_blog_setting
[2018-07-12 17:56:01,557] INFO [DjangoBlog.utils.get_blog_setting:200 utils] set cache get_blog_setting
[2018-07-12 17:56:01,565] INFO [DjangoBlog.utils.get_blog_setting:200 utils] set cache get_blog_setting
[2018-07-12 17:56:01,595] INFO [DjangoBlog.utils.get_blog_setting:200 utils] set cache get_blog_setting
[2018-07-12 17:56:01,602] INFO [DjangoBlog.utils.get_blog_setting:200 utils] set cache get_blog_setting
[2018-07-12 17:56:01,631] INFO [DjangoBlog.utils.get_blog_setting:200 utils] set cache get_blog_setting
[2018-07-12 17:56:01,640] INFO [DjangoBlog.utils.get_blog_setting:200 utils] set cache get_blog_setting
[2018-07-12 17:56:01,678] INFO [DjangoBlog.utils.get_blog_setting:200 utils] set cache get_blog_setting
[2018-07-12 17:56:01,686] INFO [DjangoBlog.utils.get_blog_setting:200 utils] set cache get_blog_setting
[2018-07-12 17:56:01,724] INFO [DjangoBlog.utils.get_blog_setting:200 utils] set cache get_blog_setting
[2018-07-12 17:56:01,734] INFO [DjangoBlog.utils.get_blog_setting:200 utils] set cache get_blog_setting
[2018-07-12 17:56:01,773] INFO [DjangoBlog.utils.get_blog_setting:200 utils] set cache get_blog_setting
[2018-07-12 17:56:01,783] INFO [DjangoBlog.utils.get_blog_setting:200 utils] set cache get_blog_setting
[2018-07-12 17:56:01,823] INFO [DjangoBlog.utils.get_blog_setting:200 utils] set cache get_blog_setting
[2018-07-12 17:56:01,833] INFO [DjangoBlog.utils.get_blog_setting:200 utils] set cache get_blog_setting
[2018-07-12 17:56:01,877] INFO [DjangoBlog.utils.get_blog_setting:200 utils] set cache get_blog_setting
[2018-07-12 17:56:01,887] INFO [DjangoBlog.utils.get_blog_setting:200 utils] set cache get_blog_setting
[2018-07-12 17:56:01,931] INFO [DjangoBlog.utils.get_blog_setting:200 utils] set cache get_blog_setting
[2018-07-12 17:56:01,940] INFO [DjangoBlog.utils.get_blog_setting:200 utils] set cache get_blog_setting
[2018-07-12 17:56:01,980] INFO [blog.templatetags.blog_tags.load_sidebar:134 blog_tags] load sidebar
[2018-07-12 17:56:01,987] INFO [DjangoBlog.utils.get_blog_setting:200 utils] set cache get_blog_setting
[2018-07-12 17:56:01,998] INFO [DjangoBlog.utils.news:62 utils] cache_decorator set cache:get_article_count key:c12ea60dddc8cbb7c0c06a52c1f0468c
[2018-07-12 17:56:02,008] INFO [DjangoBlog.utils.news:62 utils] cache_decorator set cache:get_article_count key:291c30a46f4b0836caa656931338d839
[2018-07-12 17:56:02,014] INFO [DjangoBlog.utils.news:62 utils] cache_decorator set cache:get_article_count key:f8e78be723d8d27bcd83e040eb416f4f
[2018-07-12 17:56:02,019] INFO [DjangoBlog.utils.news:62 utils] cache_decorator set cache:get_article_count key:a34a0ed138b9ff399343a889a9b344e1
[2018-07-12 17:56:02,025] INFO [DjangoBlog.utils.news:62 utils] cache_decorator set cache:get_article_count key:9b03732a68d2dd9341675e6a20d4041e
[2018-07-12 17:56:02,031] INFO [DjangoBlog.utils.news:62 utils] cache_decorator set cache:get_article_count key:694c0eb0b30b7e707aa4e99253658795
[2018-07-12 17:56:02,037] INFO [DjangoBlog.utils.news:62 utils] cache_decorator set cache:get_article_count key:fcf9da36e1a4cf8ad6302f167029b733
[2018-07-12 17:56:02,043] INFO [DjangoBlog.utils.news:62 utils] cache_decorator set cache:get_article_count key:1c69ab201cd57d3d56b45c1dabe75036
[2018-07-12 17:56:02,048] INFO [DjangoBlog.utils.news:62 utils] cache_decorator set cache:get_article_count key:54bfc8b1922e6f82df1bc5a6dea8b9da
[2018-07-12 17:56:02,054] INFO [DjangoBlog.utils.news:62 utils] cache_decorator set cache:get_article_count key:15f3db3a218524d4068d8726a012c559
[2018-07-12 17:56:02,060] INFO [DjangoBlog.utils.news:62 utils] cache_decorator set cache:get_article_count key:a644ef5c6423b0dea6ba49f52db6bd80
[2018-07-12 17:56:02,066] INFO [DjangoBlog.utils.news:62 utils] cache_decorator set cache:get_article_count key:3d8d54b72b10d6ed623642883e5541df
[2018-07-12 17:56:02,071] INFO [DjangoBlog.utils.news:62 utils] cache_decorator set cache:get_article_count key:456cc418d75c4c07c028dc3b613a8ad7
[2018-07-12 17:56:02,077] INFO [DjangoBlog.utils.news:62 utils] cache_decorator set cache:get_article_count key:d870204b6d5f057dbdff52fbfa294c3d
[2018-07-12 17:56:02,082] INFO [DjangoBlog.utils.news:62 utils] cache_decorator set cache:get_article_count key:29ad75096aa3a8f270772a9aa86f3cb0
[2018-07-12 17:56:02,087] INFO [DjangoBlog.utils.news:62 utils] cache_decorator set cache:get_article_count key:04d2c1872567af18cca2e5bdace62b32
[2018-07-12 17:56:02,093] INFO [DjangoBlog.utils.news:62 utils] cache_decorator set cache:get_article_count key:61852e05f86b529e9f3447e15349366a
[2018-07-12 17:56:02,098] INFO [DjangoBlog.utils.news:62 utils] cache_decorator set cache:get_article_count key:d20d074037a8a8b042656aa1717520fb
[2018-07-12 17:56:02,103] INFO [DjangoBlog.utils.news:62 utils] cache_decorator set cache:get_article_count key:eb1c89d12569800f3f006f81066dc37e
[2018-07-12 17:56:02,109] INFO [DjangoBlog.utils.news:62 utils] cache_decorator set cache:get_article_count key:020e465530d166441febcff47111a33d
[2018-07-12 22:18:46,745] ERROR [blog.views.page_not_found_view:279 views] {'tried': [[<URLResolver <URLPattern list> (admin:admin) '^admin/'>], [<URLResolver <module 'blog.urls' from '/home/michiko/DjangoBlog/blog/urls.py'> (blog:blog) ''>, <URLPattern '' [name='index']>], [<URLResolver <module 'blog.urls' from '/home/michiko/DjangoBlog/blog/urls.py'> (blog:blog) ''>, <URLPattern 'page/<int:page>/' [name='index_page']>], [<URLResolver <module 'blog.urls' from '/home/michiko/DjangoBlog/blog/urls.py'> (blog:blog) ''>, <URLPattern 'article/<int:year>/<int:month>/<int:day>/<int:article_id>.html' [name='detailbyid']>], [<URLResolver <module 'blog.urls' from '/home/michiko/DjangoBlog/blog/urls.py'> (blog:blog) ''>, <URLPattern 'category/<slug:category_name>.html' [name='category_detail']>], [<URLResolver <module 'blog.urls' from '/home/michiko/DjangoBlog/blog/urls.py'> (blog:blog) ''>, <URLPattern 'category/<slug:category_name>/<int:page>.html' [name='category_detail_page']>], [<URLResolver <module 'blog.urls' from '/home/michiko/DjangoBlog/blog/urls.py'> (blog:blog) ''>, <URLPattern 'author/<author_name>.html' [name='author_detail']>], [<URLResolver <module 'blog.urls' from '/home/michiko/DjangoBlog/blog/urls.py'> (blog:blog) ''>, <URLPattern 'author/<author_name>/<int:page>.html' [name='author_detail_page']>], [<URLResolver <module 'blog.urls' from '/home/michiko/DjangoBlog/blog/urls.py'> (blog:blog) ''>, <URLPattern 'tag/<slug:tag_name>.html' [name='tag_detail']>], [<URLResolver <module 'blog.urls' from '/home/michiko/DjangoBlog/blog/urls.py'> (blog:blog) ''>, <URLPattern 'tag/<slug:tag_name>/<int:page>).html' [name='tag_detail_page']>], [<URLResolver <module 'blog.urls' from '/home/michiko/DjangoBlog/blog/urls.py'> (blog:blog) ''>, <URLPattern 'archives.html' [name='archives']>], [<URLResolver <module 'blog.urls' from '/home/michiko/DjangoBlog/blog/urls.py'> (blog:blog) ''>, <URLPattern 'upload' [name='upload']>], [<URLResolver <module 'blog.urls' from '/home/michiko/DjangoBlog/blog/urls.py'> (blog:blog) ''>, <URLPattern 'refresh' [name='refresh']>], [<URLResolver <module 'comments.urls' from '/home/michiko/DjangoBlog/comments/urls.py'> (comments:comment) ''>, <URLPattern 'article/<int:article_id>/postcomment' [name='postcomment']>], [<URLResolver <module 'accounts.urls' from '/home/michiko/DjangoBlog/accounts/urls.py'> (accounts:account) ''>, <URLPattern '^login/$' [name='login']>], [<URLResolver <module 'accounts.urls' from '/home/michiko/DjangoBlog/accounts/urls.py'> (accounts:account) ''>, <URLPattern '^register/$' [name='register']>], [<URLResolver <module 'accounts.urls' from '/home/michiko/DjangoBlog/accounts/urls.py'> (accounts:account) ''>, <URLPattern '^logout/$' [name='logout']>], [<URLResolver <module 'oauth.urls' from '/home/michiko/DjangoBlog/oauth/urls.py'> (oauth:oauth) ''>, <URLPattern 'oauth/authorize'>], [<URLResolver <module 'oauth.urls' from '/home/michiko/DjangoBlog/oauth/urls.py'> (oauth:oauth) ''>, <URLPattern 'oauth/requireemail/<int:oauthid>.html' [name='require_email']>], [<URLResolver <module 'oauth.urls' from '/home/michiko/DjangoBlog/oauth/urls.py'> (oauth:oauth) ''>, <URLPattern 'oauth/emailconfirm/<int:id>/<sign>.html' [name='email_confirm']>], [<URLResolver <module 'oauth.urls' from '/home/michiko/DjangoBlog/oauth/urls.py'> (oauth:oauth) ''>, <URLPattern 'oauth/bindsuccess/<int:oauthid>.html' [name='bindsuccess']>], [<URLResolver <module 'oauth.urls' from '/home/michiko/DjangoBlog/oauth/urls.py'> (oauth:oauth) ''>, <URLPattern 'oauth/oauthlogin' [name='oauthlogin']>], [<URLPattern '^sitemap\.xml$' [name='django.contrib.sitemaps.views.sitemap']>], [<URLPattern '^feed/$'>], [<URLResolver <module 'haystack.urls' from '/home/michiko/DjangoBlog/myvenv/lib/python3.6/site-packages/haystack/urls.py'> (None:None) '^search'>], [<URLResolver <module 'servermanager.urls' from '/home/michiko/DjangoBlog/servermanager/urls.py'> (servermanager:servermanager) ''>, <URLPattern 'robot'>], [<URLResolver <module 'owntracks.urls' from '/home/michiko/DjangoBlog/owntracks/urls.py'> (owntracks:owntracks) ''>, <URLPattern 'owntracks/logtracks' [name='logtracks']>], [<URLResolver <module 'owntracks.urls' from '/home/michiko/DjangoBlog/owntracks/urls.py'> (owntracks:owntracks) ''>, <URLPattern 'owntracks/show_maps' [name='show_maps']>], [<URLResolver <module 'owntracks.urls' from '/home/michiko/DjangoBlog/owntracks/urls.py'> (owntracks:owntracks) ''>, <URLPattern 'owntracks/get_datas' [name='get_datas']>], [<URLResolver <module 'owntracks.urls' from '/home/michiko/DjangoBlog/owntracks/urls.py'> (owntracks:owntracks) ''>, <URLPattern 'owntracks/show_dates' [name='show_dates']>]], 'path': 'favicon.ico'}
[2018-07-12 22:18:46,772] INFO [blog.context_processors.seo_processor:31 context_processors] set processor cache.
[2018-07-12 22:18:46,779] INFO [DjangoBlog.utils.get_blog_setting:200 utils] set cache get_blog_setting
[2018-07-12 22:18:46,838] INFO [blog.templatetags.blog_tags.load_sidebar:134 blog_tags] load sidebar
[2018-07-12 22:18:46,844] INFO [DjangoBlog.utils.get_blog_setting:200 utils] set cache get_blog_setting
[2018-07-12 22:18:46,851] INFO [DjangoBlog.utils.news:62 utils] cache_decorator set cache:get_article_count key:c12ea60dddc8cbb7c0c06a52c1f0468c
[2018-07-12 22:18:46,856] INFO [DjangoBlog.utils.news:62 utils] cache_decorator set cache:get_article_count key:291c30a46f4b0836caa656931338d839
[2018-07-12 22:18:46,859] INFO [DjangoBlog.utils.news:62 utils] cache_decorator set cache:get_article_count key:f8e78be723d8d27bcd83e040eb416f4f
[2018-07-12 22:18:46,863] INFO [DjangoBlog.utils.news:62 utils] cache_decorator set cache:get_article_count key:a34a0ed138b9ff399343a889a9b344e1
[2018-07-12 22:18:46,867] INFO [DjangoBlog.utils.news:62 utils] cache_decorator set cache:get_article_count key:9b03732a68d2dd9341675e6a20d4041e
[2018-07-12 22:18:46,871] INFO [DjangoBlog.utils.news:62 utils] cache_decorator set cache:get_article_count key:694c0eb0b30b7e707aa4e99253658795
[2018-07-12 22:18:46,876] INFO [DjangoBlog.utils.news:62 utils] cache_decorator set cache:get_article_count key:fcf9da36e1a4cf8ad6302f167029b733
[2018-07-12 22:18:46,879] INFO [DjangoBlog.utils.news:62 utils] cache_decorator set cache:get_article_count key:1c69ab201cd57d3d56b45c1dabe75036
[2018-07-12 22:18:46,885] INFO [DjangoBlog.utils.news:62 utils] cache_decorator set cache:get_article_count key:54bfc8b1922e6f82df1bc5a6dea8b9da
[2018-07-12 22:18:46,890] INFO [DjangoBlog.utils.news:62 utils] cache_decorator set cache:get_article_count key:15f3db3a218524d4068d8726a012c559
[2018-07-12 22:18:46,894] INFO [DjangoBlog.utils.news:62 utils] cache_decorator set cache:get_article_count key:a644ef5c6423b0dea6ba49f52db6bd80
[2018-07-12 22:18:46,898] INFO [DjangoBlog.utils.news:62 utils] cache_decorator set cache:get_article_count key:3d8d54b72b10d6ed623642883e5541df
[2018-07-12 22:18:46,902] INFO [DjangoBlog.utils.news:62 utils] cache_decorator set cache:get_article_count key:456cc418d75c4c07c028dc3b613a8ad7
[2018-07-12 22:18:46,906] INFO [DjangoBlog.utils.news:62 utils] cache_decorator set cache:get_article_count key:d870204b6d5f057dbdff52fbfa294c3d
[2018-07-12 22:18:46,910] INFO [DjangoBlog.utils.news:62 utils] cache_decorator set cache:get_article_count key:29ad75096aa3a8f270772a9aa86f3cb0
[2018-07-12 22:18:46,914] INFO [DjangoBlog.utils.news:62 utils] cache_decorator set cache:get_article_count key:04d2c1872567af18cca2e5bdace62b32
[2018-07-12 22:18:46,917] INFO [DjangoBlog.utils.news:62 utils] cache_decorator set cache:get_article_count key:61852e05f86b529e9f3447e15349366a
[2018-07-12 22:18:46,921] INFO [DjangoBlog.utils.news:62 utils] cache_decorator set cache:get_article_count key:d20d074037a8a8b042656aa1717520fb
[2018-07-12 22:18:46,925] INFO [DjangoBlog.utils.news:62 utils] cache_decorator set cache:get_article_count key:eb1c89d12569800f3f006f81066dc37e
[2018-07-12 22:18:46,929] INFO [DjangoBlog.utils.news:62 utils] cache_decorator set cache:get_article_count key:020e465530d166441febcff47111a33d
[2018-07-13 07:50:38,850] ERROR [blog.views.page_not_found_view:279 views] {'tried': [[<URLResolver <URLPattern list> (admin:admin) '^admin/'>], [<URLResolver <module 'blog.urls' from '/home/michiko/DjangoBlog/blog/urls.py'> (blog:blog) ''>, <URLPattern '' [name='index']>], [<URLResolver <module 'blog.urls' from '/home/michiko/DjangoBlog/blog/urls.py'> (blog:blog) ''>, <URLPattern 'page/<int:page>/' [name='index_page']>], [<URLResolver <module 'blog.urls' from '/home/michiko/DjangoBlog/blog/urls.py'> (blog:blog) ''>, <URLPattern 'article/<int:year>/<int:month>/<int:day>/<int:article_id>.html' [name='detailbyid']>], [<URLResolver <module 'blog.urls' from '/home/michiko/DjangoBlog/blog/urls.py'> (blog:blog) ''>, <URLPattern 'category/<slug:category_name>.html' [name='category_detail']>], [<URLResolver <module 'blog.urls' from '/home/michiko/DjangoBlog/blog/urls.py'> (blog:blog) ''>, <URLPattern 'category/<slug:category_name>/<int:page>.html' [name='category_detail_page']>], [<URLResolver <module 'blog.urls' from '/home/michiko/DjangoBlog/blog/urls.py'> (blog:blog) ''>, <URLPattern 'author/<author_name>.html' [name='author_detail']>], [<URLResolver <module 'blog.urls' from '/home/michiko/DjangoBlog/blog/urls.py'> (blog:blog) ''>, <URLPattern 'author/<author_name>/<int:page>.html' [name='author_detail_page']>], [<URLResolver <module 'blog.urls' from '/home/michiko/DjangoBlog/blog/urls.py'> (blog:blog) ''>, <URLPattern 'tag/<slug:tag_name>.html' [name='tag_detail']>], [<URLResolver <module 'blog.urls' from '/home/michiko/DjangoBlog/blog/urls.py'> (blog:blog) ''>, <URLPattern 'tag/<slug:tag_name>/<int:page>).html' [name='tag_detail_page']>], [<URLResolver <module 'blog.urls' from '/home/michiko/DjangoBlog/blog/urls.py'> (blog:blog) ''>, <URLPattern 'archives.html' [name='archives']>], [<URLResolver <module 'blog.urls' from '/home/michiko/DjangoBlog/blog/urls.py'> (blog:blog) ''>, <URLPattern 'upload' [name='upload']>], [<URLResolver <module 'blog.urls' from '/home/michiko/DjangoBlog/blog/urls.py'> (blog:blog) ''>, <URLPattern 'refresh' [name='refresh']>], [<URLResolver <module 'comments.urls' from '/home/michiko/DjangoBlog/comments/urls.py'> (comments:comment) ''>, <URLPattern 'article/<int:article_id>/postcomment' [name='postcomment']>], [<URLResolver <module 'accounts.urls' from '/home/michiko/DjangoBlog/accounts/urls.py'> (accounts:account) ''>, <URLPattern '^login/$' [name='login']>], [<URLResolver <module 'accounts.urls' from '/home/michiko/DjangoBlog/accounts/urls.py'> (accounts:account) ''>, <URLPattern '^register/$' [name='register']>], [<URLResolver <module 'accounts.urls' from '/home/michiko/DjangoBlog/accounts/urls.py'> (accounts:account) ''>, <URLPattern '^logout/$' [name='logout']>], [<URLResolver <module 'oauth.urls' from '/home/michiko/DjangoBlog/oauth/urls.py'> (oauth:oauth) ''>, <URLPattern 'oauth/authorize'>], [<URLResolver <module 'oauth.urls' from '/home/michiko/DjangoBlog/oauth/urls.py'> (oauth:oauth) ''>, <URLPattern 'oauth/requireemail/<int:oauthid>.html' [name='require_email']>], [<URLResolver <module 'oauth.urls' from '/home/michiko/DjangoBlog/oauth/urls.py'> (oauth:oauth) ''>, <URLPattern 'oauth/emailconfirm/<int:id>/<sign>.html' [name='email_confirm']>], [<URLResolver <module 'oauth.urls' from '/home/michiko/DjangoBlog/oauth/urls.py'> (oauth:oauth) ''>, <URLPattern 'oauth/bindsuccess/<int:oauthid>.html' [name='bindsuccess']>], [<URLResolver <module 'oauth.urls' from '/home/michiko/DjangoBlog/oauth/urls.py'> (oauth:oauth) ''>, <URLPattern 'oauth/oauthlogin' [name='oauthlogin']>], [<URLPattern '^sitemap\.xml$' [name='django.contrib.sitemaps.views.sitemap']>], [<URLPattern '^feed/$'>], [<URLResolver <module 'haystack.urls' from '/home/michiko/DjangoBlog/myvenv/lib/python3.6/site-packages/haystack/urls.py'> (None:None) '^search'>], [<URLResolver <module 'servermanager.urls' from '/home/michiko/DjangoBlog/servermanager/urls.py'> (servermanager:servermanager) ''>, <URLPattern 'robot'>], [<URLResolver <module 'owntracks.urls' from '/home/michiko/DjangoBlog/owntracks/urls.py'> (owntracks:owntracks) ''>, <URLPattern 'owntracks/logtracks' [name='logtracks']>], [<URLResolver <module 'owntracks.urls' from '/home/michiko/DjangoBlog/owntracks/urls.py'> (owntracks:owntracks) ''>, <URLPattern 'owntracks/show_maps' [name='show_maps']>], [<URLResolver <module 'owntracks.urls' from '/home/michiko/DjangoBlog/owntracks/urls.py'> (owntracks:owntracks) ''>, <URLPattern 'owntracks/get_datas' [name='get_datas']>], [<URLResolver <module 'owntracks.urls' from '/home/michiko/DjangoBlog/owntracks/urls.py'> (owntracks:owntracks) ''>, <URLPattern 'owntracks/show_dates' [name='show_dates']>]], 'path': 'favicon.ico'}
[2018-07-13 07:50:39,037] INFO [blog.context_processors.seo_processor:31 context_processors] set processor cache.
[2018-07-13 07:50:39,044] INFO [DjangoBlog.utils.get_blog_setting:200 utils] set cache get_blog_setting
[2018-07-13 07:50:39,286] INFO [blog.templatetags.blog_tags.load_sidebar:134 blog_tags] load sidebar
[2018-07-13 07:50:39,294] INFO [DjangoBlog.utils.get_blog_setting:200 utils] set cache get_blog_setting
[2018-07-13 07:50:39,956] INFO [DjangoBlog.utils.news:62 utils] cache_decorator set cache:get_article_count key:3a763bb3495d69b0a41f170f768c8461
[2018-07-13 07:50:39,961] INFO [DjangoBlog.utils.news:62 utils] cache_decorator set cache:get_article_count key:2d78ec31b41da55aa5a307f7e182902a
[2018-07-13 07:50:39,965] INFO [DjangoBlog.utils.news:62 utils] cache_decorator set cache:get_article_count key:95ea726876361bbd0095702292ee77d0
[2018-07-13 07:50:39,969] INFO [DjangoBlog.utils.news:62 utils] cache_decorator set cache:get_article_count key:9619837b9a0dc3ab6a5e9d90ca093b31
[2018-07-13 07:50:39,973] INFO [DjangoBlog.utils.news:62 utils] cache_decorator set cache:get_article_count key:3ae15508948f0d9d737a0a4ab6d1fc4d
[2018-07-13 07:50:39,977] INFO [DjangoBlog.utils.news:62 utils] cache_decorator set cache:get_article_count key:db4afc46423c3b0a9a8cf87c20b1bf55
[2018-07-13 07:50:39,980] INFO [DjangoBlog.utils.news:62 utils] cache_decorator set cache:get_article_count key:22be0cfc4a0f0d6b6d2ca3156712b9b6
[2018-07-13 07:50:39,984] INFO [DjangoBlog.utils.news:62 utils] cache_decorator set cache:get_article_count key:73e6165f754b19dbb891359daeeddb9f
[2018-07-13 07:50:39,988] INFO [DjangoBlog.utils.news:62 utils] cache_decorator set cache:get_article_count key:dfafeb829f6bef5d106dc9e415a91bce
[2018-07-13 07:50:39,992] INFO [DjangoBlog.utils.news:62 utils] cache_decorator set cache:get_article_count key:dad9ebbeb3a4867fbebb2107d0eb85b9
[2018-07-13 07:50:39,996] INFO [DjangoBlog.utils.news:62 utils] cache_decorator set cache:get_article_count key:27c9c9f8f19932b25ef2b454e45b811a
[2018-07-13 07:50:40,000] INFO [DjangoBlog.utils.news:62 utils] cache_decorator set cache:get_article_count key:bfec1d9ddbc953ee5d56260eff14254e
[2018-07-13 07:50:40,004] INFO [DjangoBlog.utils.news:62 utils] cache_decorator set cache:get_article_count key:aae85f403a0dc050fd4c94efe53361f2
[2018-07-13 07:50:40,007] INFO [DjangoBlog.utils.news:62 utils] cache_decorator set cache:get_article_count key:6bf600a74cc813d4feef1905a406d97a
[2018-07-13 07:50:40,011] INFO [DjangoBlog.utils.news:62 utils] cache_decorator set cache:get_article_count key:28594d7bc8130904025fdb14b8945d67
[2018-07-13 07:50:40,015] INFO [DjangoBlog.utils.news:62 utils] cache_decorator set cache:get_article_count key:11d8b6c1499b2bc24b52924a7900e054
[2018-07-13 07:50:40,019] INFO [DjangoBlog.utils.news:62 utils] cache_decorator set cache:get_article_count key:dc8b8028797ad55f559746129b1914de
[2018-07-13 07:50:40,023] INFO [DjangoBlog.utils.news:62 utils] cache_decorator set cache:get_article_count key:4e3de74f47c09b223123a140be199dd1
[2018-07-13 07:50:40,027] INFO [DjangoBlog.utils.news:62 utils] cache_decorator set cache:get_article_count key:e0f76f187ec379bce3300a16993b069f
[2018-07-13 07:50:40,031] INFO [DjangoBlog.utils.news:62 utils] cache_decorator set cache:get_article_count key:a18012029efad10accf675da444e681c
[2018-07-13 08:15:17,617] INFO [blog.views.get_queryset_from_cache:65 views] set view cache.key:index_1
[2018-07-13 08:15:17,638] INFO [blog.context_processors.seo_processor:31 context_processors] set processor cache.
[2018-07-13 08:15:17,644] INFO [DjangoBlog.utils.get_blog_setting:200 utils] set cache get_blog_setting
[2018-07-13 08:15:17,690] INFO [DjangoBlog.utils.get_blog_setting:200 utils] set cache get_blog_setting
[2018-07-13 08:15:17,702] INFO [DjangoBlog.utils.get_blog_setting:200 utils] set cache get_blog_setting
[2018-07-13 08:15:17,772] INFO [DjangoBlog.utils.get_blog_setting:200 utils] set cache get_blog_setting
[2018-07-13 08:15:17,779] INFO [DjangoBlog.utils.get_blog_setting:200 utils] set cache get_blog_setting
[2018-07-13 08:15:17,809] INFO [DjangoBlog.utils.get_blog_setting:200 utils] set cache get_blog_setting
[2018-07-13 08:15:17,816] INFO [DjangoBlog.utils.get_blog_setting:200 utils] set cache get_blog_setting
[2018-07-13 08:15:17,843] INFO [DjangoBlog.utils.get_blog_setting:200 utils] set cache get_blog_setting
[2018-07-13 08:15:17,850] INFO [DjangoBlog.utils.get_blog_setting:200 utils] set cache get_blog_setting
[2018-07-13 08:15:17,879] INFO [DjangoBlog.utils.get_blog_setting:200 utils] set cache get_blog_setting
[2018-07-13 08:15:17,886] INFO [DjangoBlog.utils.get_blog_setting:200 utils] set cache get_blog_setting
[2018-07-13 08:15:17,916] INFO [DjangoBlog.utils.get_blog_setting:200 utils] set cache get_blog_setting
[2018-07-13 08:15:17,922] INFO [DjangoBlog.utils.get_blog_setting:200 utils] set cache get_blog_setting
[2018-07-13 08:15:17,951] INFO [DjangoBlog.utils.get_blog_setting:200 utils] set cache get_blog_setting
[2018-07-13 08:15:17,958] INFO [DjangoBlog.utils.get_blog_setting:200 utils] set cache get_blog_setting
[2018-07-13 08:15:17,986] INFO [DjangoBlog.utils.get_blog_setting:200 utils] set cache get_blog_setting
[2018-07-13 08:15:17,994] INFO [DjangoBlog.utils.get_blog_setting:200 utils] set cache get_blog_setting
[2018-07-13 08:15:18,022] INFO [DjangoBlog.utils.get_blog_setting:200 utils] set cache get_blog_setting
[2018-07-13 08:15:18,029] INFO [DjangoBlog.utils.get_blog_setting:200 utils] set cache get_blog_setting
[2018-07-13 08:15:18,058] INFO [DjangoBlog.utils.get_blog_setting:200 utils] set cache get_blog_setting
[2018-07-13 08:15:18,064] INFO [DjangoBlog.utils.get_blog_setting:200 utils] set cache get_blog_setting
[2018-07-13 08:15:18,092] INFO [blog.templatetags.blog_tags.load_sidebar:134 blog_tags] load sidebar
[2018-07-13 08:15:18,098] INFO [DjangoBlog.utils.get_blog_setting:200 utils] set cache get_blog_setting
[2018-07-13 08:15:18,105] INFO [DjangoBlog.utils.news:62 utils] cache_decorator set cache:get_article_count key:3a763bb3495d69b0a41f170f768c8461
[2018-07-13 08:15:18,110] INFO [DjangoBlog.utils.news:62 utils] cache_decorator set cache:get_article_count key:2d78ec31b41da55aa5a307f7e182902a
[2018-07-13 08:15:18,114] INFO [DjangoBlog.utils.news:62 utils] cache_decorator set cache:get_article_count key:95ea726876361bbd0095702292ee77d0
[2018-07-13 08:15:18,118] INFO [DjangoBlog.utils.news:62 utils] cache_decorator set cache:get_article_count key:9619837b9a0dc3ab6a5e9d90ca093b31
[2018-07-13 08:15:18,122] INFO [DjangoBlog.utils.news:62 utils] cache_decorator set cache:get_article_count key:3ae15508948f0d9d737a0a4ab6d1fc4d
[2018-07-13 08:15:18,126] INFO [DjangoBlog.utils.news:62 utils] cache_decorator set cache:get_article_count key:db4afc46423c3b0a9a8cf87c20b1bf55
[2018-07-13 08:15:18,130] INFO [DjangoBlog.utils.news:62 utils] cache_decorator set cache:get_article_count key:22be0cfc4a0f0d6b6d2ca3156712b9b6
[2018-07-13 08:15:18,134] INFO [DjangoBlog.utils.news:62 utils] cache_decorator set cache:get_article_count key:73e6165f754b19dbb891359daeeddb9f
[2018-07-13 08:15:18,138] INFO [DjangoBlog.utils.news:62 utils] cache_decorator set cache:get_article_count key:dfafeb829f6bef5d106dc9e415a91bce
[2018-07-13 08:15:18,142] INFO [DjangoBlog.utils.news:62 utils] cache_decorator set cache:get_article_count key:dad9ebbeb3a4867fbebb2107d0eb85b9
[2018-07-13 08:15:18,146] INFO [DjangoBlog.utils.news:62 utils] cache_decorator set cache:get_article_count key:27c9c9f8f19932b25ef2b454e45b811a
[2018-07-13 08:15:18,149] INFO [DjangoBlog.utils.news:62 utils] cache_decorator set cache:get_article_count key:bfec1d9ddbc953ee5d56260eff14254e
[2018-07-13 08:15:18,153] INFO [DjangoBlog.utils.news:62 utils] cache_decorator set cache:get_article_count key:aae85f403a0dc050fd4c94efe53361f2
[2018-07-13 08:15:18,157] INFO [DjangoBlog.utils.news:62 utils] cache_decorator set cache:get_article_count key:6bf600a74cc813d4feef1905a406d97a
[2018-07-13 08:15:18,161] INFO [DjangoBlog.utils.news:62 utils] cache_decorator set cache:get_article_count key:28594d7bc8130904025fdb14b8945d67
[2018-07-13 08:15:18,165] INFO [DjangoBlog.utils.news:62 utils] cache_decorator set cache:get_article_count key:11d8b6c1499b2bc24b52924a7900e054
[2018-07-13 08:15:18,169] INFO [DjangoBlog.utils.news:62 utils] cache_decorator set cache:get_article_count key:dc8b8028797ad55f559746129b1914de
[2018-07-13 08:15:18,173] INFO [DjangoBlog.utils.news:62 utils] cache_decorator set cache:get_article_count key:4e3de74f47c09b223123a140be199dd1
[2018-07-13 08:15:18,177] INFO [DjangoBlog.utils.news:62 utils] cache_decorator set cache:get_article_count key:e0f76f187ec379bce3300a16993b069f
[2018-07-13 08:15:18,181] INFO [DjangoBlog.utils.news:62 utils] cache_decorator set cache:get_article_count key:a18012029efad10accf675da444e681c
